{
  "E:\\projects\\vue3-styled-components\\package\\index.js": {
    "path": "E:\\projects\\vue3-styled-components\\package\\index.js",
    "all": true,
    "statementMap": {
      "0": {
        "start": {
          "line": 1,
          "column": 0
        },
        "end": {
          "line": 1,
          "column": 25
        }
      },
      "1": {
        "start": {
          "line": 2,
          "column": 0
        },
        "end": {
          "line": 2,
          "column": 28
        }
      },
      "2": {
        "start": {
          "line": 3,
          "column": 0
        },
        "end": {
          "line": 3,
          "column": 28
        }
      }
    },
    "s": {
      "0": 0,
      "1": 0,
      "2": 0
    },
    "branchMap": {
      "0": {
        "type": "branch",
        "line": 1,
        "loc": {
          "start": {
            "line": 1,
            "column": 83
          },
          "end": {
            "line": 3,
            "column": 28
          }
        },
        "locations": [
          {
            "start": {
              "line": 1,
              "column": 83
            },
            "end": {
              "line": 3,
              "column": 28
            }
          }
        ]
      }
    },
    "b": {
      "0": [
        0
      ]
    },
    "fnMap": {
      "0": {
        "name": "(empty-report)",
        "decl": {
          "start": {
            "line": 1,
            "column": 83
          },
          "end": {
            "line": 3,
            "column": 28
          }
        },
        "loc": {
          "start": {
            "line": 1,
            "column": 83
          },
          "end": {
            "line": 3,
            "column": 28
          }
        },
        "line": 1
      }
    },
    "f": {
      "0": 0
    }
  },
  "E:\\projects\\vue3-styled-components\\package\\index.ts": {
    "path": "E:\\projects\\vue3-styled-components\\package\\index.ts",
    "all": true,
    "statementMap": {
      "0": {
        "start": {
          "line": 1,
          "column": 0
        },
        "end": {
          "line": 1,
          "column": 24
        }
      },
      "1": {
        "start": {
          "line": 2,
          "column": 0
        },
        "end": {
          "line": 2,
          "column": 27
        }
      },
      "2": {
        "start": {
          "line": 3,
          "column": 0
        },
        "end": {
          "line": 3,
          "column": 27
        }
      }
    },
    "s": {
      "0": 0,
      "1": 0,
      "2": 0
    },
    "branchMap": {
      "0": {
        "type": "branch",
        "line": 1,
        "loc": {
          "start": {
            "line": 1,
            "column": 80
          },
          "end": {
            "line": 3,
            "column": 27
          }
        },
        "locations": [
          {
            "start": {
              "line": 1,
              "column": 80
            },
            "end": {
              "line": 3,
              "column": 27
            }
          }
        ]
      }
    },
    "b": {
      "0": [
        0
      ]
    },
    "fnMap": {
      "0": {
        "name": "(empty-report)",
        "decl": {
          "start": {
            "line": 1,
            "column": 80
          },
          "end": {
            "line": 3,
            "column": 27
          }
        },
        "loc": {
          "start": {
            "line": 1,
            "column": 80
          },
          "end": {
            "line": 3,
            "column": 27
          }
        },
        "line": 1
      }
    },
    "f": {
      "0": 0
    }
  },
  "E:\\projects\\vue3-styled-components\\package\\injectStyle.js": {
    "path": "E:\\projects\\vue3-styled-components\\package\\injectStyle.js",
    "all": false,
    "statementMap": {
      "0": {
        "start": {
          "line": 1,
          "column": 0
        },
        "end": {
          "line": 1,
          "column": 51
        }
      },
      "1": {
        "start": {
          "line": 2,
          "column": 0
        },
        "end": {
          "line": 2,
          "column": 23
        }
      },
      "2": {
        "start": {
          "line": 3,
          "column": 0
        },
        "end": {
          "line": 3,
          "column": 12
        }
      },
      "3": {
        "start": {
          "line": 4,
          "column": 0
        },
        "end": {
          "line": 4,
          "column": 27
        }
      },
      "4": {
        "start": {
          "line": 5,
          "column": 0
        },
        "end": {
          "line": 5,
          "column": 16
        }
      },
      "5": {
        "start": {
          "line": 6,
          "column": 0
        },
        "end": {
          "line": 6,
          "column": 27
        }
      },
      "6": {
        "start": {
          "line": 7,
          "column": 0
        },
        "end": {
          "line": 7,
          "column": 50
        }
      },
      "7": {
        "start": {
          "line": 8,
          "column": 0
        },
        "end": {
          "line": 8,
          "column": 37
        }
      },
      "8": {
        "start": {
          "line": 9,
          "column": 0
        },
        "end": {
          "line": 9,
          "column": 21
        }
      },
      "9": {
        "start": {
          "line": 10,
          "column": 0
        },
        "end": {
          "line": 10,
          "column": 17
        }
      },
      "10": {
        "start": {
          "line": 11,
          "column": 0
        },
        "end": {
          "line": 11,
          "column": 1
        }
      },
      "11": {
        "start": {
          "line": 12,
          "column": 0
        },
        "end": {
          "line": 12,
          "column": 39
        }
      },
      "12": {
        "start": {
          "line": 13,
          "column": 0
        },
        "end": {
          "line": 13,
          "column": 10
        }
      },
      "13": {
        "start": {
          "line": 14,
          "column": 0
        },
        "end": {
          "line": 14,
          "column": 41
        }
      },
      "14": {
        "start": {
          "line": 15,
          "column": 0
        },
        "end": {
          "line": 15,
          "column": 39
        }
      },
      "15": {
        "start": {
          "line": 16,
          "column": 0
        },
        "end": {
          "line": 16,
          "column": 36
        }
      },
      "16": {
        "start": {
          "line": 17,
          "column": 0
        },
        "end": {
          "line": 17,
          "column": 16
        }
      },
      "17": {
        "start": {
          "line": 18,
          "column": 0
        },
        "end": {
          "line": 18,
          "column": 5
        }
      },
      "18": {
        "start": {
          "line": 19,
          "column": 0
        },
        "end": {
          "line": 19,
          "column": 48
        }
      },
      "19": {
        "start": {
          "line": 20,
          "column": 0
        },
        "end": {
          "line": 20,
          "column": 48
        }
      },
      "20": {
        "start": {
          "line": 21,
          "column": 0
        },
        "end": {
          "line": 21,
          "column": 62
        }
      },
      "21": {
        "start": {
          "line": 22,
          "column": 0
        },
        "end": {
          "line": 22,
          "column": 25
        }
      },
      "22": {
        "start": {
          "line": 23,
          "column": 0
        },
        "end": {
          "line": 23,
          "column": 5
        }
      },
      "23": {
        "start": {
          "line": 24,
          "column": 0
        },
        "end": {
          "line": 24,
          "column": 19
        }
      },
      "24": {
        "start": {
          "line": 25,
          "column": 0
        },
        "end": {
          "line": 25,
          "column": 29
        }
      },
      "25": {
        "start": {
          "line": 26,
          "column": 0
        },
        "end": {
          "line": 26,
          "column": 15
        }
      },
      "26": {
        "start": {
          "line": 27,
          "column": 0
        },
        "end": {
          "line": 27,
          "column": 5
        }
      },
      "27": {
        "start": {
          "line": 28,
          "column": 0
        },
        "end": {
          "line": 28,
          "column": 54
        }
      },
      "28": {
        "start": {
          "line": 29,
          "column": 0
        },
        "end": {
          "line": 29,
          "column": 38
        }
      },
      "29": {
        "start": {
          "line": 30,
          "column": 0
        },
        "end": {
          "line": 30,
          "column": 45
        }
      },
      "30": {
        "start": {
          "line": 31,
          "column": 0
        },
        "end": {
          "line": 31,
          "column": 1
        }
      },
      "31": {
        "start": {
          "line": 32,
          "column": 0
        },
        "end": {
          "line": 32,
          "column": 68
        }
      },
      "32": {
        "start": {
          "line": 33,
          "column": 0
        },
        "end": {
          "line": 33,
          "column": 77
        }
      },
      "33": {
        "start": {
          "line": 34,
          "column": 0
        },
        "end": {
          "line": 34,
          "column": 28
        }
      },
      "34": {
        "start": {
          "line": 35,
          "column": 0
        },
        "end": {
          "line": 35,
          "column": 34
        }
      },
      "35": {
        "start": {
          "line": 36,
          "column": 0
        },
        "end": {
          "line": 36,
          "column": 1
        }
      }
    },
    "s": {
      "0": 1,
      "1": 1,
      "2": 1,
      "3": 1,
      "4": 1,
      "5": 2,
      "6": 2,
      "7": 2,
      "8": 2,
      "9": 2,
      "10": 2,
      "11": 24,
      "12": 24,
      "13": 24,
      "14": 24,
      "15": 2,
      "16": 2,
      "17": 2,
      "18": 24,
      "19": 24,
      "20": 24,
      "21": 2,
      "22": 2,
      "23": 24,
      "24": 12,
      "25": 12,
      "26": 12,
      "27": 12,
      "28": 12,
      "29": 12,
      "30": 12,
      "31": 1,
      "32": 24,
      "33": 24,
      "34": 24,
      "35": 24
    },
    "branchMap": {
      "0": {
        "type": "branch",
        "line": 6,
        "loc": {
          "start": {
            "line": 6,
            "column": 0
          },
          "end": {
            "line": 11,
            "column": 1
          }
        },
        "locations": [
          {
            "start": {
              "line": 6,
              "column": 0
            },
            "end": {
              "line": 11,
              "column": 1
            }
          }
        ]
      },
      "1": {
        "type": "branch",
        "line": 12,
        "loc": {
          "start": {
            "line": 12,
            "column": 0
          },
          "end": {
            "line": 31,
            "column": 1
          }
        },
        "locations": [
          {
            "start": {
              "line": 12,
              "column": 0
            },
            "end": {
              "line": 31,
              "column": 1
            }
          }
        ]
      },
      "2": {
        "type": "branch",
        "line": 15,
        "loc": {
          "start": {
            "line": 15,
            "column": 18
          },
          "end": {
            "line": 15,
            "column": 36
          }
        },
        "locations": [
          {
            "start": {
              "line": 15,
              "column": 18
            },
            "end": {
              "line": 15,
              "column": 36
            }
          }
        ]
      },
      "3": {
        "type": "branch",
        "line": 15,
        "loc": {
          "start": {
            "line": 15,
            "column": 38
          },
          "end": {
            "line": 18,
            "column": 5
          }
        },
        "locations": [
          {
            "start": {
              "line": 15,
              "column": 38
            },
            "end": {
              "line": 18,
              "column": 5
            }
          }
        ]
      },
      "4": {
        "type": "branch",
        "line": 21,
        "loc": {
          "start": {
            "line": 21,
            "column": 31
          },
          "end": {
            "line": 21,
            "column": 59
          }
        },
        "locations": [
          {
            "start": {
              "line": 21,
              "column": 31
            },
            "end": {
              "line": 21,
              "column": 59
            }
          }
        ]
      },
      "5": {
        "type": "branch",
        "line": 21,
        "loc": {
          "start": {
            "line": 21,
            "column": 61
          },
          "end": {
            "line": 23,
            "column": 5
          }
        },
        "locations": [
          {
            "start": {
              "line": 21,
              "column": 61
            },
            "end": {
              "line": 23,
              "column": 5
            }
          }
        ]
      },
      "6": {
        "type": "branch",
        "line": 24,
        "loc": {
          "start": {
            "line": 24,
            "column": 18
          },
          "end": {
            "line": 31,
            "column": 1
          }
        },
        "locations": [
          {
            "start": {
              "line": 24,
              "column": 18
            },
            "end": {
              "line": 31,
              "column": 1
            }
          }
        ]
      },
      "7": {
        "type": "branch",
        "line": 32,
        "loc": {
          "start": {
            "line": 32,
            "column": 7
          },
          "end": {
            "line": 36,
            "column": 1
          }
        },
        "locations": [
          {
            "start": {
              "line": 32,
              "column": 7
            },
            "end": {
              "line": 36,
              "column": 1
            }
          }
        ]
      }
    },
    "b": {
      "0": [
        2
      ],
      "1": [
        24
      ],
      "2": [
        22
      ],
      "3": [
        2
      ],
      "4": [
        22
      ],
      "5": [
        2
      ],
      "6": [
        12
      ],
      "7": [
        24
      ]
    },
    "fnMap": {
      "0": {
        "name": "createStyleTag",
        "decl": {
          "start": {
            "line": 6,
            "column": 0
          },
          "end": {
            "line": 11,
            "column": 1
          }
        },
        "loc": {
          "start": {
            "line": 6,
            "column": 0
          },
          "end": {
            "line": 11,
            "column": 1
          }
        },
        "line": 6
      },
      "1": {
        "name": "insert",
        "decl": {
          "start": {
            "line": 12,
            "column": 0
          },
          "end": {
            "line": 31,
            "column": 1
          }
        },
        "loc": {
          "start": {
            "line": 12,
            "column": 0
          },
          "end": {
            "line": 31,
            "column": 1
          }
        },
        "line": 12
      },
      "2": {
        "name": "injectStyle",
        "decl": {
          "start": {
            "line": 32,
            "column": 7
          },
          "end": {
            "line": 36,
            "column": 1
          }
        },
        "loc": {
          "start": {
            "line": 32,
            "column": 7
          },
          "end": {
            "line": 36,
            "column": 1
          }
        },
        "line": 32
      }
    },
    "f": {
      "0": 2,
      "1": 24,
      "2": 24
    }
  },
  "E:\\projects\\vue3-styled-components\\package\\injectStyle.ts": {
    "path": "E:\\projects\\vue3-styled-components\\package\\injectStyle.ts",
    "all": true,
    "statementMap": {
      "0": {
        "start": {
          "line": 1,
          "column": 0
        },
        "end": {
          "line": 1,
          "column": 58
        }
      },
      "1": {
        "start": {
          "line": 2,
          "column": 0
        },
        "end": {
          "line": 2,
          "column": 0
        }
      },
      "2": {
        "start": {
          "line": 3,
          "column": 0
        },
        "end": {
          "line": 3,
          "column": 22
        }
      },
      "3": {
        "start": {
          "line": 4,
          "column": 0
        },
        "end": {
          "line": 4,
          "column": 0
        }
      },
      "4": {
        "start": {
          "line": 5,
          "column": 0
        },
        "end": {
          "line": 5,
          "column": 19
        }
      },
      "5": {
        "start": {
          "line": 6,
          "column": 0
        },
        "end": {
          "line": 6,
          "column": 48
        }
      },
      "6": {
        "start": {
          "line": 7,
          "column": 0
        },
        "end": {
          "line": 7,
          "column": 35
        }
      },
      "7": {
        "start": {
          "line": 8,
          "column": 0
        },
        "end": {
          "line": 8,
          "column": 0
        }
      },
      "8": {
        "start": {
          "line": 9,
          "column": 0
        },
        "end": {
          "line": 9,
          "column": 45
        }
      },
      "9": {
        "start": {
          "line": 10,
          "column": 0
        },
        "end": {
          "line": 10,
          "column": 47
        }
      },
      "10": {
        "start": {
          "line": 11,
          "column": 0
        },
        "end": {
          "line": 11,
          "column": 34
        }
      },
      "11": {
        "start": {
          "line": 12,
          "column": 0
        },
        "end": {
          "line": 12,
          "column": 18
        }
      },
      "12": {
        "start": {
          "line": 13,
          "column": 0
        },
        "end": {
          "line": 13,
          "column": 14
        }
      },
      "13": {
        "start": {
          "line": 14,
          "column": 0
        },
        "end": {
          "line": 14,
          "column": 1
        }
      },
      "14": {
        "start": {
          "line": 15,
          "column": 0
        },
        "end": {
          "line": 15,
          "column": 0
        }
      },
      "15": {
        "start": {
          "line": 16,
          "column": 0
        },
        "end": {
          "line": 16,
          "column": 55
        }
      },
      "16": {
        "start": {
          "line": 17,
          "column": 0
        },
        "end": {
          "line": 17,
          "column": 7
        }
      },
      "17": {
        "start": {
          "line": 18,
          "column": 0
        },
        "end": {
          "line": 18,
          "column": 0
        }
      },
      "18": {
        "start": {
          "line": 19,
          "column": 0
        },
        "end": {
          "line": 19,
          "column": 38
        }
      },
      "19": {
        "start": {
          "line": 20,
          "column": 0
        },
        "end": {
          "line": 20,
          "column": 0
        }
      },
      "20": {
        "start": {
          "line": 21,
          "column": 0
        },
        "end": {
          "line": 21,
          "column": 37
        }
      },
      "21": {
        "start": {
          "line": 22,
          "column": 0
        },
        "end": {
          "line": 22,
          "column": 31
        }
      },
      "22": {
        "start": {
          "line": 23,
          "column": 0
        },
        "end": {
          "line": 23,
          "column": 11
        }
      },
      "23": {
        "start": {
          "line": 24,
          "column": 0
        },
        "end": {
          "line": 24,
          "column": 3
        }
      },
      "24": {
        "start": {
          "line": 25,
          "column": 0
        },
        "end": {
          "line": 25,
          "column": 0
        }
      },
      "25": {
        "start": {
          "line": 26,
          "column": 0
        },
        "end": {
          "line": 26,
          "column": 45
        }
      },
      "26": {
        "start": {
          "line": 27,
          "column": 0
        },
        "end": {
          "line": 27,
          "column": 45
        }
      },
      "27": {
        "start": {
          "line": 28,
          "column": 0
        },
        "end": {
          "line": 28,
          "column": 0
        }
      },
      "28": {
        "start": {
          "line": 29,
          "column": 0
        },
        "end": {
          "line": 29,
          "column": 60
        }
      },
      "29": {
        "start": {
          "line": 30,
          "column": 0
        },
        "end": {
          "line": 30,
          "column": 20
        }
      },
      "30": {
        "start": {
          "line": 31,
          "column": 0
        },
        "end": {
          "line": 31,
          "column": 3
        }
      },
      "31": {
        "start": {
          "line": 32,
          "column": 0
        },
        "end": {
          "line": 32,
          "column": 0
        }
      },
      "32": {
        "start": {
          "line": 33,
          "column": 0
        },
        "end": {
          "line": 33,
          "column": 17
        }
      },
      "33": {
        "start": {
          "line": 34,
          "column": 0
        },
        "end": {
          "line": 34,
          "column": 24
        }
      },
      "34": {
        "start": {
          "line": 35,
          "column": 0
        },
        "end": {
          "line": 35,
          "column": 10
        }
      },
      "35": {
        "start": {
          "line": 36,
          "column": 0
        },
        "end": {
          "line": 36,
          "column": 3
        }
      },
      "36": {
        "start": {
          "line": 37,
          "column": 0
        },
        "end": {
          "line": 37,
          "column": 51
        }
      },
      "37": {
        "start": {
          "line": 38,
          "column": 0
        },
        "end": {
          "line": 38,
          "column": 35
        }
      },
      "38": {
        "start": {
          "line": 39,
          "column": 0
        },
        "end": {
          "line": 39,
          "column": 42
        }
      },
      "39": {
        "start": {
          "line": 40,
          "column": 0
        },
        "end": {
          "line": 40,
          "column": 1
        }
      },
      "40": {
        "start": {
          "line": 41,
          "column": 0
        },
        "end": {
          "line": 41,
          "column": 0
        }
      },
      "41": {
        "start": {
          "line": 42,
          "column": 0
        },
        "end": {
          "line": 42,
          "column": 126
        }
      },
      "42": {
        "start": {
          "line": 43,
          "column": 0
        },
        "end": {
          "line": 43,
          "column": 74
        }
      },
      "43": {
        "start": {
          "line": 44,
          "column": 0
        },
        "end": {
          "line": 44,
          "column": 25
        }
      },
      "44": {
        "start": {
          "line": 45,
          "column": 0
        },
        "end": {
          "line": 45,
          "column": 31
        }
      },
      "45": {
        "start": {
          "line": 46,
          "column": 0
        },
        "end": {
          "line": 46,
          "column": 1
        }
      }
    },
    "s": {
      "0": 0,
      "1": 0,
      "2": 0,
      "3": 0,
      "4": 0,
      "5": 0,
      "6": 0,
      "7": 0,
      "8": 0,
      "9": 0,
      "10": 0,
      "11": 0,
      "12": 0,
      "13": 0,
      "14": 0,
      "15": 0,
      "16": 0,
      "17": 0,
      "18": 0,
      "19": 0,
      "20": 0,
      "21": 0,
      "22": 0,
      "23": 0,
      "24": 0,
      "25": 0,
      "26": 0,
      "27": 0,
      "28": 0,
      "29": 0,
      "30": 0,
      "31": 0,
      "32": 0,
      "33": 0,
      "34": 0,
      "35": 0,
      "36": 0,
      "37": 0,
      "38": 0,
      "39": 0,
      "40": 0,
      "41": 0,
      "42": 0,
      "43": 0,
      "44": 0,
      "45": 0
    },
    "branchMap": {
      "0": {
        "type": "branch",
        "line": 1,
        "loc": {
          "start": {
            "line": 1,
            "column": 1181
          },
          "end": {
            "line": 46,
            "column": 1
          }
        },
        "locations": [
          {
            "start": {
              "line": 1,
              "column": 1181
            },
            "end": {
              "line": 46,
              "column": 1
            }
          }
        ]
      }
    },
    "b": {
      "0": [
        0
      ]
    },
    "fnMap": {
      "0": {
        "name": "(empty-report)",
        "decl": {
          "start": {
            "line": 1,
            "column": 1181
          },
          "end": {
            "line": 46,
            "column": 1
          }
        },
        "loc": {
          "start": {
            "line": 1,
            "column": 1181
          },
          "end": {
            "line": 46,
            "column": 1
          }
        },
        "line": 1
      }
    },
    "f": {
      "0": 0
    }
  },
  "E:\\projects\\vue3-styled-components\\package\\keyframes.js": {
    "path": "E:\\projects\\vue3-styled-components\\package\\keyframes.js",
    "all": true,
    "statementMap": {
      "0": {
        "start": {
          "line": 1,
          "column": 0
        },
        "end": {
          "line": 1,
          "column": 44
        }
      },
      "1": {
        "start": {
          "line": 2,
          "column": 0
        },
        "end": {
          "line": 2,
          "column": 45
        }
      },
      "2": {
        "start": {
          "line": 3,
          "column": 0
        },
        "end": {
          "line": 3,
          "column": 37
        }
      },
      "3": {
        "start": {
          "line": 4,
          "column": 0
        },
        "end": {
          "line": 4,
          "column": 54
        }
      },
      "4": {
        "start": {
          "line": 5,
          "column": 0
        },
        "end": {
          "line": 5,
          "column": 30
        }
      },
      "5": {
        "start": {
          "line": 6,
          "column": 0
        },
        "end": {
          "line": 6,
          "column": 9
        }
      },
      "6": {
        "start": {
          "line": 7,
          "column": 0
        },
        "end": {
          "line": 7,
          "column": 36
        }
      },
      "7": {
        "start": {
          "line": 8,
          "column": 0
        },
        "end": {
          "line": 8,
          "column": 30
        }
      },
      "8": {
        "start": {
          "line": 9,
          "column": 0
        },
        "end": {
          "line": 9,
          "column": 9
        }
      },
      "9": {
        "start": {
          "line": 10,
          "column": 0
        },
        "end": {
          "line": 10,
          "column": 7
        }
      },
      "10": {
        "start": {
          "line": 11,
          "column": 0
        },
        "end": {
          "line": 11,
          "column": 11
        }
      },
      "11": {
        "start": {
          "line": 12,
          "column": 0
        },
        "end": {
          "line": 12,
          "column": 24
        }
      },
      "12": {
        "start": {
          "line": 13,
          "column": 0
        },
        "end": {
          "line": 13,
          "column": 1
        }
      }
    },
    "s": {
      "0": 0,
      "1": 0,
      "2": 0,
      "3": 0,
      "4": 0,
      "5": 0,
      "6": 0,
      "7": 0,
      "8": 0,
      "9": 0,
      "10": 0,
      "11": 0,
      "12": 0
    },
    "branchMap": {
      "0": {
        "type": "branch",
        "line": 1,
        "loc": {
          "start": {
            "line": 1,
            "column": 0
          },
          "end": {
            "line": 13,
            "column": -149
          }
        },
        "locations": [
          {
            "start": {
              "line": 1,
              "column": 0
            },
            "end": {
              "line": 13,
              "column": -149
            }
          }
        ]
      }
    },
    "b": {
      "0": [
        0
      ]
    },
    "fnMap": {
      "0": {
        "name": "(empty-report)",
        "decl": {
          "start": {
            "line": 1,
            "column": 0
          },
          "end": {
            "line": 13,
            "column": -149
          }
        },
        "loc": {
          "start": {
            "line": 1,
            "column": 0
          },
          "end": {
            "line": 13,
            "column": -149
          }
        },
        "line": 1
      }
    },
    "f": {
      "0": 0
    }
  },
  "E:\\projects\\vue3-styled-components\\package\\keyframes.ts": {
    "path": "E:\\projects\\vue3-styled-components\\package\\keyframes.ts",
    "all": true,
    "statementMap": {
      "0": {
        "start": {
          "line": 1,
          "column": 0
        },
        "end": {
          "line": 1,
          "column": 43
        }
      },
      "1": {
        "start": {
          "line": 2,
          "column": 0
        },
        "end": {
          "line": 2,
          "column": 44
        }
      },
      "2": {
        "start": {
          "line": 3,
          "column": 0
        },
        "end": {
          "line": 3,
          "column": 0
        }
      },
      "3": {
        "start": {
          "line": 4,
          "column": 0
        },
        "end": {
          "line": 4,
          "column": 59
        }
      },
      "4": {
        "start": {
          "line": 5,
          "column": 0
        },
        "end": {
          "line": 5,
          "column": 51
        }
      },
      "5": {
        "start": {
          "line": 6,
          "column": 0
        },
        "end": {
          "line": 6,
          "column": 14
        }
      },
      "6": {
        "start": {
          "line": 7,
          "column": 0
        },
        "end": {
          "line": 7,
          "column": 16
        }
      },
      "7": {
        "start": {
          "line": 8,
          "column": 0
        },
        "end": {
          "line": 8,
          "column": 5
        }
      },
      "8": {
        "start": {
          "line": 9,
          "column": 0
        },
        "end": {
          "line": 9,
          "column": 7
        }
      },
      "9": {
        "start": {
          "line": 10,
          "column": 0
        },
        "end": {
          "line": 10,
          "column": 36
        }
      },
      "10": {
        "start": {
          "line": 11,
          "column": 0
        },
        "end": {
          "line": 11,
          "column": 30
        }
      },
      "11": {
        "start": {
          "line": 12,
          "column": 0
        },
        "end": {
          "line": 12,
          "column": 9
        }
      },
      "12": {
        "start": {
          "line": 13,
          "column": 0
        },
        "end": {
          "line": 13,
          "column": 7
        }
      },
      "13": {
        "start": {
          "line": 14,
          "column": 0
        },
        "end": {
          "line": 14,
          "column": 6
        }
      },
      "14": {
        "start": {
          "line": 15,
          "column": 0
        },
        "end": {
          "line": 15,
          "column": 6
        }
      },
      "15": {
        "start": {
          "line": 16,
          "column": 0
        },
        "end": {
          "line": 16,
          "column": 3
        }
      },
      "16": {
        "start": {
          "line": 17,
          "column": 0
        },
        "end": {
          "line": 17,
          "column": 21
        }
      },
      "17": {
        "start": {
          "line": 18,
          "column": 0
        },
        "end": {
          "line": 18,
          "column": 1
        }
      }
    },
    "s": {
      "0": 0,
      "1": 0,
      "2": 0,
      "3": 0,
      "4": 0,
      "5": 0,
      "6": 0,
      "7": 0,
      "8": 0,
      "9": 0,
      "10": 0,
      "11": 0,
      "12": 0,
      "13": 0,
      "14": 0,
      "15": 0,
      "16": 0,
      "17": 0
    },
    "branchMap": {
      "0": {
        "type": "branch",
        "line": 1,
        "loc": {
          "start": {
            "line": 1,
            "column": 0
          },
          "end": {
            "line": 18,
            "column": -158
          }
        },
        "locations": [
          {
            "start": {
              "line": 1,
              "column": 0
            },
            "end": {
              "line": 18,
              "column": -158
            }
          }
        ]
      }
    },
    "b": {
      "0": [
        0
      ]
    },
    "fnMap": {
      "0": {
        "name": "(empty-report)",
        "decl": {
          "start": {
            "line": 1,
            "column": 0
          },
          "end": {
            "line": 18,
            "column": -158
          }
        },
        "loc": {
          "start": {
            "line": 1,
            "column": 0
          },
          "end": {
            "line": 18,
            "column": -158
          }
        },
        "line": 1
      }
    },
    "f": {
      "0": 0
    }
  },
  "E:\\projects\\vue3-styled-components\\package\\styled.js": {
    "path": "E:\\projects\\vue3-styled-components\\package\\styled.js",
    "all": false,
    "statementMap": {
      "0": {
        "start": {
          "line": 1,
          "column": 0
        },
        "end": {
          "line": 1,
          "column": 203
        }
      },
      "1": {
        "start": {
          "line": 2,
          "column": 0
        },
        "end": {
          "line": 2,
          "column": 52
        }
      },
      "2": {
        "start": {
          "line": 3,
          "column": 0
        },
        "end": {
          "line": 3,
          "column": 129
        }
      },
      "3": {
        "start": {
          "line": 4,
          "column": 0
        },
        "end": {
          "line": 4,
          "column": 56
        }
      },
      "4": {
        "start": {
          "line": 5,
          "column": 0
        },
        "end": {
          "line": 5,
          "column": 46
        }
      },
      "5": {
        "start": {
          "line": 6,
          "column": 0
        },
        "end": {
          "line": 6,
          "column": 51
        }
      },
      "6": {
        "start": {
          "line": 7,
          "column": 0
        },
        "end": {
          "line": 7,
          "column": 38
        }
      },
      "7": {
        "start": {
          "line": 8,
          "column": 0
        },
        "end": {
          "line": 8,
          "column": 47
        }
      },
      "8": {
        "start": {
          "line": 9,
          "column": 0
        },
        "end": {
          "line": 9,
          "column": 5
        }
      },
      "9": {
        "start": {
          "line": 10,
          "column": 0
        },
        "end": {
          "line": 10,
          "column": 24
        }
      },
      "10": {
        "start": {
          "line": 11,
          "column": 0
        },
        "end": {
          "line": 11,
          "column": 78
        }
      },
      "11": {
        "start": {
          "line": 12,
          "column": 0
        },
        "end": {
          "line": 12,
          "column": 80
        }
      },
      "12": {
        "start": {
          "line": 13,
          "column": 0
        },
        "end": {
          "line": 13,
          "column": 63
        }
      },
      "13": {
        "start": {
          "line": 14,
          "column": 0
        },
        "end": {
          "line": 14,
          "column": 6
        }
      },
      "14": {
        "start": {
          "line": 15,
          "column": 0
        },
        "end": {
          "line": 15,
          "column": 46
        }
      },
      "15": {
        "start": {
          "line": 16,
          "column": 0
        },
        "end": {
          "line": 16,
          "column": 27
        }
      },
      "16": {
        "start": {
          "line": 17,
          "column": 0
        },
        "end": {
          "line": 17,
          "column": 31
        }
      },
      "17": {
        "start": {
          "line": 18,
          "column": 0
        },
        "end": {
          "line": 18,
          "column": 6
        }
      },
      "18": {
        "start": {
          "line": 19,
          "column": 0
        },
        "end": {
          "line": 19,
          "column": 55
        }
      },
      "19": {
        "start": {
          "line": 20,
          "column": 0
        },
        "end": {
          "line": 20,
          "column": 26
        }
      },
      "20": {
        "start": {
          "line": 21,
          "column": 0
        },
        "end": {
          "line": 21,
          "column": 37
        }
      },
      "21": {
        "start": {
          "line": 22,
          "column": 0
        },
        "end": {
          "line": 22,
          "column": 35
        }
      },
      "22": {
        "start": {
          "line": 23,
          "column": 0
        },
        "end": {
          "line": 23,
          "column": 9
        }
      },
      "23": {
        "start": {
          "line": 24,
          "column": 0
        },
        "end": {
          "line": 24,
          "column": 40
        }
      },
      "24": {
        "start": {
          "line": 25,
          "column": 0
        },
        "end": {
          "line": 25,
          "column": 38
        }
      },
      "25": {
        "start": {
          "line": 26,
          "column": 0
        },
        "end": {
          "line": 26,
          "column": 9
        }
      },
      "26": {
        "start": {
          "line": 27,
          "column": 0
        },
        "end": {
          "line": 27,
          "column": 39
        }
      },
      "27": {
        "start": {
          "line": 28,
          "column": 0
        },
        "end": {
          "line": 28,
          "column": 46
        }
      },
      "28": {
        "start": {
          "line": 29,
          "column": 0
        },
        "end": {
          "line": 29,
          "column": 58
        }
      },
      "29": {
        "start": {
          "line": 30,
          "column": 0
        },
        "end": {
          "line": 30,
          "column": 43
        }
      },
      "30": {
        "start": {
          "line": 31,
          "column": 0
        },
        "end": {
          "line": 31,
          "column": 46
        }
      },
      "31": {
        "start": {
          "line": 32,
          "column": 0
        },
        "end": {
          "line": 32,
          "column": 63
        }
      },
      "32": {
        "start": {
          "line": 33,
          "column": 0
        },
        "end": {
          "line": 33,
          "column": 27
        }
      },
      "33": {
        "start": {
          "line": 34,
          "column": 0
        },
        "end": {
          "line": 34,
          "column": 22
        }
      },
      "34": {
        "start": {
          "line": 35,
          "column": 0
        },
        "end": {
          "line": 35,
          "column": 24
        }
      },
      "35": {
        "start": {
          "line": 36,
          "column": 0
        },
        "end": {
          "line": 36,
          "column": 14
        }
      },
      "36": {
        "start": {
          "line": 37,
          "column": 0
        },
        "end": {
          "line": 37,
          "column": 38
        }
      },
      "37": {
        "start": {
          "line": 38,
          "column": 0
        },
        "end": {
          "line": 38,
          "column": 31
        }
      },
      "38": {
        "start": {
          "line": 39,
          "column": 0
        },
        "end": {
          "line": 39,
          "column": 27
        }
      },
      "39": {
        "start": {
          "line": 40,
          "column": 0
        },
        "end": {
          "line": 40,
          "column": 26
        }
      },
      "40": {
        "start": {
          "line": 41,
          "column": 0
        },
        "end": {
          "line": 41,
          "column": 28
        }
      },
      "41": {
        "start": {
          "line": 42,
          "column": 0
        },
        "end": {
          "line": 42,
          "column": 18
        }
      },
      "42": {
        "start": {
          "line": 43,
          "column": 0
        },
        "end": {
          "line": 43,
          "column": 67
        }
      },
      "43": {
        "start": {
          "line": 44,
          "column": 0
        },
        "end": {
          "line": 44,
          "column": 15
        }
      },
      "44": {
        "start": {
          "line": 45,
          "column": 0
        },
        "end": {
          "line": 45,
          "column": 29
        }
      },
      "45": {
        "start": {
          "line": 46,
          "column": 0
        },
        "end": {
          "line": 46,
          "column": 67
        }
      },
      "46": {
        "start": {
          "line": 47,
          "column": 0
        },
        "end": {
          "line": 47,
          "column": 15
        }
      },
      "47": {
        "start": {
          "line": 48,
          "column": 0
        },
        "end": {
          "line": 48,
          "column": 41
        }
      },
      "48": {
        "start": {
          "line": 49,
          "column": 0
        },
        "end": {
          "line": 49,
          "column": 26
        }
      },
      "49": {
        "start": {
          "line": 50,
          "column": 0
        },
        "end": {
          "line": 50,
          "column": 41
        }
      },
      "50": {
        "start": {
          "line": 51,
          "column": 0
        },
        "end": {
          "line": 51,
          "column": 81
        }
      },
      "51": {
        "start": {
          "line": 52,
          "column": 0
        },
        "end": {
          "line": 52,
          "column": 30
        }
      },
      "52": {
        "start": {
          "line": 53,
          "column": 0
        },
        "end": {
          "line": 53,
          "column": 26
        }
      },
      "53": {
        "start": {
          "line": 54,
          "column": 0
        },
        "end": {
          "line": 54,
          "column": 14
        }
      },
      "54": {
        "start": {
          "line": 55,
          "column": 0
        },
        "end": {
          "line": 55,
          "column": 12
        }
      },
      "55": {
        "start": {
          "line": 56,
          "column": 0
        },
        "end": {
          "line": 56,
          "column": 32
        }
      },
      "56": {
        "start": {
          "line": 57,
          "column": 0
        },
        "end": {
          "line": 57,
          "column": 20
        }
      },
      "57": {
        "start": {
          "line": 58,
          "column": 0
        },
        "end": {
          "line": 58,
          "column": 21
        }
      },
      "58": {
        "start": {
          "line": 59,
          "column": 0
        },
        "end": {
          "line": 59,
          "column": 32
        }
      },
      "59": {
        "start": {
          "line": 60,
          "column": 0
        },
        "end": {
          "line": 60,
          "column": 18
        }
      },
      "60": {
        "start": {
          "line": 61,
          "column": 0
        },
        "end": {
          "line": 61,
          "column": 34
        }
      },
      "61": {
        "start": {
          "line": 62,
          "column": 0
        },
        "end": {
          "line": 62,
          "column": 14
        }
      },
      "62": {
        "start": {
          "line": 63,
          "column": 0
        },
        "end": {
          "line": 63,
          "column": 31
        }
      },
      "63": {
        "start": {
          "line": 64,
          "column": 0
        },
        "end": {
          "line": 64,
          "column": 24
        }
      },
      "64": {
        "start": {
          "line": 65,
          "column": 0
        },
        "end": {
          "line": 65,
          "column": 11
        }
      },
      "65": {
        "start": {
          "line": 66,
          "column": 0
        },
        "end": {
          "line": 66,
          "column": 5
        }
      },
      "66": {
        "start": {
          "line": 67,
          "column": 0
        },
        "end": {
          "line": 67,
          "column": 27
        }
      },
      "67": {
        "start": {
          "line": 68,
          "column": 0
        },
        "end": {
          "line": 68,
          "column": 1
        }
      },
      "68": {
        "start": {
          "line": 69,
          "column": 0
        },
        "end": {
          "line": 69,
          "column": 55
        }
      },
      "69": {
        "start": {
          "line": 70,
          "column": 0
        },
        "end": {
          "line": 70,
          "column": 46
        }
      },
      "70": {
        "start": {
          "line": 71,
          "column": 0
        },
        "end": {
          "line": 71,
          "column": 80
        }
      },
      "71": {
        "start": {
          "line": 72,
          "column": 0
        },
        "end": {
          "line": 72,
          "column": 63
        }
      },
      "72": {
        "start": {
          "line": 73,
          "column": 0
        },
        "end": {
          "line": 73,
          "column": 22
        }
      },
      "73": {
        "start": {
          "line": 74,
          "column": 0
        },
        "end": {
          "line": 74,
          "column": 56
        }
      },
      "74": {
        "start": {
          "line": 75,
          "column": 0
        },
        "end": {
          "line": 75,
          "column": 10
        }
      },
      "75": {
        "start": {
          "line": 76,
          "column": 0
        },
        "end": {
          "line": 76,
          "column": 8
        }
      },
      "76": {
        "start": {
          "line": 77,
          "column": 0
        },
        "end": {
          "line": 77,
          "column": 29
        }
      },
      "77": {
        "start": {
          "line": 78,
          "column": 0
        },
        "end": {
          "line": 78,
          "column": 27
        }
      },
      "78": {
        "start": {
          "line": 79,
          "column": 0
        },
        "end": {
          "line": 79,
          "column": 20
        }
      },
      "79": {
        "start": {
          "line": 80,
          "column": 0
        },
        "end": {
          "line": 80,
          "column": 7
        }
      },
      "80": {
        "start": {
          "line": 81,
          "column": 0
        },
        "end": {
          "line": 81,
          "column": 2
        }
      },
      "81": {
        "start": {
          "line": 82,
          "column": 0
        },
        "end": {
          "line": 82,
          "column": 70
        }
      },
      "82": {
        "start": {
          "line": 83,
          "column": 0
        },
        "end": {
          "line": 83,
          "column": 26
        }
      },
      "83": {
        "start": {
          "line": 84,
          "column": 0
        },
        "end": {
          "line": 84,
          "column": 37
        }
      },
      "84": {
        "start": {
          "line": 85,
          "column": 0
        },
        "end": {
          "line": 85,
          "column": 48
        }
      },
      "85": {
        "start": {
          "line": 86,
          "column": 0
        },
        "end": {
          "line": 86,
          "column": 3
        }
      },
      "86": {
        "start": {
          "line": 87,
          "column": 0
        },
        "end": {
          "line": 87,
          "column": 37
        }
      }
    },
    "s": {
      "0": 1,
      "1": 1,
      "2": 1,
      "3": 1,
      "4": 1,
      "5": 272,
      "6": 272,
      "7": 2,
      "8": 2,
      "9": 270,
      "10": 270,
      "11": 10,
      "12": 10,
      "13": 270,
      "14": 270,
      "15": 4,
      "16": 4,
      "17": 270,
      "18": 270,
      "19": 10,
      "20": 10,
      "21": 2,
      "22": 2,
      "23": 10,
      "24": 2,
      "25": 2,
      "26": 10,
      "27": 10,
      "28": 10,
      "29": 10,
      "30": 10,
      "31": 10,
      "32": 10,
      "33": 10,
      "34": 10,
      "35": 10,
      "36": 10,
      "37": 10,
      "38": 12,
      "39": 12,
      "40": 12,
      "41": 12,
      "42": 12,
      "43": 10,
      "44": 10,
      "45": 10,
      "46": 10,
      "47": 10,
      "48": 10,
      "49": 12,
      "50": 12,
      "51": 12,
      "52": 12,
      "53": 10,
      "54": 10,
      "55": 10,
      "56": 10,
      "57": 10,
      "58": 10,
      "59": 10,
      "60": 10,
      "61": 10,
      "62": 10,
      "63": 10,
      "64": 10,
      "65": 10,
      "66": 270,
      "67": 270,
      "68": 1,
      "69": 2,
      "70": 2,
      "71": 2,
      "72": 2,
      "73": 2,
      "74": 2,
      "75": 2,
      "76": 2,
      "77": 2,
      "78": 2,
      "79": 2,
      "80": 2,
      "81": 1,
      "82": 1,
      "83": 1,
      "84": 264,
      "85": 1,
      "86": 1
    },
    "branchMap": {
      "0": {
        "type": "branch",
        "line": 6,
        "loc": {
          "start": {
            "line": 6,
            "column": 0
          },
          "end": {
            "line": 68,
            "column": 1
          }
        },
        "locations": [
          {
            "start": {
              "line": 6,
              "column": 0
            },
            "end": {
              "line": 68,
              "column": 1
            }
          }
        ]
      },
      "1": {
        "type": "branch",
        "line": 7,
        "loc": {
          "start": {
            "line": 7,
            "column": 37
          },
          "end": {
            "line": 9,
            "column": 5
          }
        },
        "locations": [
          {
            "start": {
              "line": 7,
              "column": 37
            },
            "end": {
              "line": 9,
              "column": 5
            }
          }
        ]
      },
      "2": {
        "type": "branch",
        "line": 10,
        "loc": {
          "start": {
            "line": 10,
            "column": -1
          },
          "end": {
            "line": 68,
            "column": 1
          }
        },
        "locations": [
          {
            "start": {
              "line": 10,
              "column": -1
            },
            "end": {
              "line": 68,
              "column": 1
            }
          }
        ]
      },
      "3": {
        "type": "branch",
        "line": 11,
        "loc": {
          "start": {
            "line": 11,
            "column": 28
          },
          "end": {
            "line": 14,
            "column": 5
          }
        },
        "locations": [
          {
            "start": {
              "line": 11,
              "column": 28
            },
            "end": {
              "line": 14,
              "column": 5
            }
          }
        ]
      },
      "4": {
        "type": "branch",
        "line": 15,
        "loc": {
          "start": {
            "line": 15,
            "column": 28
          },
          "end": {
            "line": 18,
            "column": 5
          }
        },
        "locations": [
          {
            "start": {
              "line": 15,
              "column": 28
            },
            "end": {
              "line": 18,
              "column": 5
            }
          }
        ]
      },
      "5": {
        "type": "branch",
        "line": 19,
        "loc": {
          "start": {
            "line": 19,
            "column": 4
          },
          "end": {
            "line": 66,
            "column": 5
          }
        },
        "locations": [
          {
            "start": {
              "line": 19,
              "column": 4
            },
            "end": {
              "line": 66,
              "column": 5
            }
          }
        ]
      },
      "6": {
        "type": "branch",
        "line": 21,
        "loc": {
          "start": {
            "line": 21,
            "column": 36
          },
          "end": {
            "line": 23,
            "column": 9
          }
        },
        "locations": [
          {
            "start": {
              "line": 21,
              "column": 36
            },
            "end": {
              "line": 23,
              "column": 9
            }
          }
        ]
      },
      "7": {
        "type": "branch",
        "line": 24,
        "loc": {
          "start": {
            "line": 24,
            "column": 39
          },
          "end": {
            "line": 26,
            "column": 9
          }
        },
        "locations": [
          {
            "start": {
              "line": 24,
              "column": 39
            },
            "end": {
              "line": 26,
              "column": 9
            }
          }
        ]
      },
      "8": {
        "type": "branch",
        "line": 30,
        "loc": {
          "start": {
            "line": 30,
            "column": 31
          },
          "end": {
            "line": 55,
            "column": 9
          }
        },
        "locations": [
          {
            "start": {
              "line": 30,
              "column": 31
            },
            "end": {
              "line": 55,
              "column": 9
            }
          }
        ]
      },
      "9": {
        "type": "branch",
        "line": 32,
        "loc": {
          "start": {
            "line": 32,
            "column": 56
          },
          "end": {
            "line": 32,
            "column": 61
          }
        },
        "locations": [
          {
            "start": {
              "line": 32,
              "column": 56
            },
            "end": {
              "line": 32,
              "column": 61
            }
          }
        ]
      },
      "10": {
        "type": "branch",
        "line": 38,
        "loc": {
          "start": {
            "line": 38,
            "column": 24
          },
          "end": {
            "line": 44,
            "column": 13
          }
        },
        "locations": [
          {
            "start": {
              "line": 38,
              "column": 24
            },
            "end": {
              "line": 44,
              "column": 13
            }
          }
        ]
      },
      "11": {
        "type": "branch",
        "line": 45,
        "loc": {
          "start": {
            "line": 45,
            "column": 22
          },
          "end": {
            "line": 47,
            "column": 13
          }
        },
        "locations": [
          {
            "start": {
              "line": 45,
              "column": 22
            },
            "end": {
              "line": 47,
              "column": 13
            }
          }
        ]
      },
      "12": {
        "type": "branch",
        "line": 49,
        "loc": {
          "start": {
            "line": 49,
            "column": 19
          },
          "end": {
            "line": 54,
            "column": 13
          }
        },
        "locations": [
          {
            "start": {
              "line": 49,
              "column": 19
            },
            "end": {
              "line": 54,
              "column": 13
            }
          }
        ]
      },
      "13": {
        "type": "branch",
        "line": 51,
        "loc": {
          "start": {
            "line": 51,
            "column": 48
          },
          "end": {
            "line": 51,
            "column": 56
          }
        },
        "locations": [
          {
            "start": {
              "line": 51,
              "column": 48
            },
            "end": {
              "line": 51,
              "column": 56
            }
          }
        ]
      },
      "14": {
        "type": "branch",
        "line": 51,
        "loc": {
          "start": {
            "line": 51,
            "column": 57
          },
          "end": {
            "line": 51,
            "column": 78
          }
        },
        "locations": [
          {
            "start": {
              "line": 51,
              "column": 57
            },
            "end": {
              "line": 51,
              "column": 78
            }
          }
        ]
      },
      "15": {
        "type": "branch",
        "line": 69,
        "loc": {
          "start": {
            "line": 69,
            "column": 26
          },
          "end": {
            "line": 81,
            "column": 2
          }
        },
        "locations": [
          {
            "start": {
              "line": 69,
              "column": 26
            },
            "end": {
              "line": 81,
              "column": 2
            }
          }
        ]
      },
      "16": {
        "type": "branch",
        "line": 70,
        "loc": {
          "start": {
            "line": 70,
            "column": 27
          },
          "end": {
            "line": 76,
            "column": 5
          }
        },
        "locations": [
          {
            "start": {
              "line": 70,
              "column": 27
            },
            "end": {
              "line": 76,
              "column": 5
            }
          }
        ]
      },
      "17": {
        "type": "branch",
        "line": 73,
        "loc": {
          "start": {
            "line": 73,
            "column": 15
          },
          "end": {
            "line": 75,
            "column": 9
          }
        },
        "locations": [
          {
            "start": {
              "line": 73,
              "column": 15
            },
            "end": {
              "line": 75,
              "column": 9
            }
          }
        ]
      },
      "18": {
        "type": "branch",
        "line": 84,
        "loc": {
          "start": {
            "line": 84,
            "column": 20
          },
          "end": {
            "line": 86,
            "column": 2
          }
        },
        "locations": [
          {
            "start": {
              "line": 84,
              "column": 20
            },
            "end": {
              "line": 86,
              "column": 2
            }
          }
        ]
      }
    },
    "b": {
      "0": [
        272
      ],
      "1": [
        2
      ],
      "2": [
        270
      ],
      "3": [
        10
      ],
      "4": [
        4
      ],
      "5": [
        10
      ],
      "6": [
        2
      ],
      "7": [
        2
      ],
      "8": [
        10
      ],
      "9": [
        0
      ],
      "10": [
        12
      ],
      "11": [
        10
      ],
      "12": [
        12
      ],
      "13": [
        2
      ],
      "14": [
        10
      ],
      "15": [
        2
      ],
      "16": [
        2
      ],
      "17": [
        2
      ],
      "18": [
        264
      ]
    },
    "fnMap": {
      "0": {
        "name": "baseStyled",
        "decl": {
          "start": {
            "line": 6,
            "column": 0
          },
          "end": {
            "line": 68,
            "column": 1
          }
        },
        "loc": {
          "start": {
            "line": 6,
            "column": 0
          },
          "end": {
            "line": 68,
            "column": 1
          }
        },
        "line": 6
      },
      "1": {
        "name": "styledComponent",
        "decl": {
          "start": {
            "line": 11,
            "column": 28
          },
          "end": {
            "line": 14,
            "column": 5
          }
        },
        "loc": {
          "start": {
            "line": 11,
            "column": 28
          },
          "end": {
            "line": 14,
            "column": 5
          }
        },
        "line": 11
      },
      "2": {
        "name": "styledComponent.attrs",
        "decl": {
          "start": {
            "line": 15,
            "column": 28
          },
          "end": {
            "line": 18,
            "column": 5
          }
        },
        "loc": {
          "start": {
            "line": 15,
            "column": 28
          },
          "end": {
            "line": 18,
            "column": 5
          }
        },
        "line": 15
      },
      "3": {
        "name": "createStyledComponent",
        "decl": {
          "start": {
            "line": 19,
            "column": 4
          },
          "end": {
            "line": 66,
            "column": 5
          }
        },
        "loc": {
          "start": {
            "line": 19,
            "column": 4
          },
          "end": {
            "line": 66,
            "column": 5
          }
        },
        "line": 19
      },
      "4": {
        "name": "__vite_ssr_import_0__.defineComponent.name",
        "decl": {
          "start": {
            "line": 30,
            "column": 31
          },
          "end": {
            "line": 55,
            "column": 9
          }
        },
        "loc": {
          "start": {
            "line": 30,
            "column": 31
          },
          "end": {
            "line": 55,
            "column": 9
          }
        },
        "line": 30
      },
      "5": {
        "name": "createGlobalStyle",
        "decl": {
          "start": {
            "line": 69,
            "column": 26
          },
          "end": {
            "line": 81,
            "column": 2
          }
        },
        "loc": {
          "start": {
            "line": 69,
            "column": 26
          },
          "end": {
            "line": 81,
            "column": 2
          }
        },
        "line": 69
      },
      "6": {
        "name": "__vite_ssr_import_0__.defineComponent.name",
        "decl": {
          "start": {
            "line": 70,
            "column": 27
          },
          "end": {
            "line": 76,
            "column": 5
          }
        },
        "loc": {
          "start": {
            "line": 70,
            "column": 27
          },
          "end": {
            "line": 76,
            "column": 5
          }
        },
        "line": 70
      }
    },
    "f": {
      "0": 272,
      "1": 10,
      "2": 4,
      "3": 10,
      "4": 10,
      "5": 2,
      "6": 2
    }
  },
  "E:\\projects\\vue3-styled-components\\package\\styled.ts": {
    "path": "E:\\projects\\vue3-styled-components\\package\\styled.ts",
    "all": true,
    "statementMap": {
      "0": {
        "start": {
          "line": 1,
          "column": 0
        },
        "end": {
          "line": 1,
          "column": 8
        }
      },
      "1": {
        "start": {
          "line": 2,
          "column": 0
        },
        "end": {
          "line": 2,
          "column": 18
        }
      },
      "2": {
        "start": {
          "line": 3,
          "column": 0
        },
        "end": {
          "line": 3,
          "column": 25
        }
      },
      "3": {
        "start": {
          "line": 4,
          "column": 0
        },
        "end": {
          "line": 4,
          "column": 4
        }
      },
      "4": {
        "start": {
          "line": 5,
          "column": 0
        },
        "end": {
          "line": 5,
          "column": 9
        }
      },
      "5": {
        "start": {
          "line": 6,
          "column": 0
        },
        "end": {
          "line": 6,
          "column": 12
        }
      },
      "6": {
        "start": {
          "line": 7,
          "column": 0
        },
        "end": {
          "line": 7,
          "column": 11
        }
      },
      "7": {
        "start": {
          "line": 8,
          "column": 0
        },
        "end": {
          "line": 8,
          "column": 14
        }
      },
      "8": {
        "start": {
          "line": 9,
          "column": 0
        },
        "end": {
          "line": 9,
          "column": 11
        }
      },
      "9": {
        "start": {
          "line": 10,
          "column": 0
        },
        "end": {
          "line": 10,
          "column": 12
        }
      },
      "10": {
        "start": {
          "line": 11,
          "column": 0
        },
        "end": {
          "line": 11,
          "column": 11
        }
      },
      "11": {
        "start": {
          "line": 12,
          "column": 0
        },
        "end": {
          "line": 12,
          "column": 13
        }
      },
      "12": {
        "start": {
          "line": 13,
          "column": 0
        },
        "end": {
          "line": 13,
          "column": 12
        }
      },
      "13": {
        "start": {
          "line": 14,
          "column": 0
        },
        "end": {
          "line": 14,
          "column": 81
        }
      },
      "14": {
        "start": {
          "line": 15,
          "column": 0
        },
        "end": {
          "line": 15,
          "column": 8
        }
      },
      "15": {
        "start": {
          "line": 16,
          "column": 0
        },
        "end": {
          "line": 16,
          "column": 23
        }
      },
      "16": {
        "start": {
          "line": 17,
          "column": 0
        },
        "end": {
          "line": 17,
          "column": 20
        }
      },
      "17": {
        "start": {
          "line": 18,
          "column": 0
        },
        "end": {
          "line": 18,
          "column": 24
        }
      },
      "18": {
        "start": {
          "line": 19,
          "column": 0
        },
        "end": {
          "line": 19,
          "column": 20
        }
      },
      "19": {
        "start": {
          "line": 20,
          "column": 0
        },
        "end": {
          "line": 20,
          "column": 20
        }
      },
      "20": {
        "start": {
          "line": 21,
          "column": 0
        },
        "end": {
          "line": 21,
          "column": 16
        }
      },
      "21": {
        "start": {
          "line": 22,
          "column": 0
        },
        "end": {
          "line": 22,
          "column": 16
        }
      },
      "22": {
        "start": {
          "line": 23,
          "column": 0
        },
        "end": {
          "line": 23,
          "column": 53
        }
      },
      "23": {
        "start": {
          "line": 24,
          "column": 0
        },
        "end": {
          "line": 24,
          "column": 43
        }
      },
      "24": {
        "start": {
          "line": 25,
          "column": 0
        },
        "end": {
          "line": 25,
          "column": 0
        }
      },
      "25": {
        "start": {
          "line": 26,
          "column": 0
        },
        "end": {
          "line": 26,
          "column": 18
        }
      },
      "26": {
        "start": {
          "line": 27,
          "column": 0
        },
        "end": {
          "line": 27,
          "column": 28
        }
      },
      "27": {
        "start": {
          "line": 28,
          "column": 0
        },
        "end": {
          "line": 28,
          "column": 1
        }
      },
      "28": {
        "start": {
          "line": 29,
          "column": 0
        },
        "end": {
          "line": 29,
          "column": 0
        }
      },
      "29": {
        "start": {
          "line": 30,
          "column": 0
        },
        "end": {
          "line": 30,
          "column": 43
        }
      },
      "30": {
        "start": {
          "line": 31,
          "column": 0
        },
        "end": {
          "line": 31,
          "column": 17
        }
      },
      "31": {
        "start": {
          "line": 32,
          "column": 0
        },
        "end": {
          "line": 32,
          "column": 1
        }
      },
      "32": {
        "start": {
          "line": 33,
          "column": 0
        },
        "end": {
          "line": 33,
          "column": 0
        }
      },
      "33": {
        "start": {
          "line": 34,
          "column": 0
        },
        "end": {
          "line": 34,
          "column": 107
        }
      },
      "34": {
        "start": {
          "line": 35,
          "column": 0
        },
        "end": {
          "line": 35,
          "column": 0
        }
      },
      "35": {
        "start": {
          "line": 36,
          "column": 0
        },
        "end": {
          "line": 36,
          "column": 107
        }
      },
      "36": {
        "start": {
          "line": 37,
          "column": 0
        },
        "end": {
          "line": 37,
          "column": 40
        }
      },
      "37": {
        "start": {
          "line": 38,
          "column": 0
        },
        "end": {
          "line": 38,
          "column": 71
        }
      },
      "38": {
        "start": {
          "line": 39,
          "column": 0
        },
        "end": {
          "line": 39,
          "column": 1
        }
      },
      "39": {
        "start": {
          "line": 40,
          "column": 0
        },
        "end": {
          "line": 40,
          "column": 36
        }
      },
      "40": {
        "start": {
          "line": 41,
          "column": 0
        },
        "end": {
          "line": 41,
          "column": 0
        }
      },
      "41": {
        "start": {
          "line": 42,
          "column": 0
        },
        "end": {
          "line": 42,
          "column": 121
        }
      },
      "42": {
        "start": {
          "line": 43,
          "column": 0
        },
        "end": {
          "line": 43,
          "column": 36
        }
      },
      "43": {
        "start": {
          "line": 44,
          "column": 0
        },
        "end": {
          "line": 44,
          "column": 42
        }
      },
      "44": {
        "start": {
          "line": 45,
          "column": 0
        },
        "end": {
          "line": 45,
          "column": 3
        }
      },
      "45": {
        "start": {
          "line": 46,
          "column": 0
        },
        "end": {
          "line": 46,
          "column": 28
        }
      },
      "46": {
        "start": {
          "line": 47,
          "column": 0
        },
        "end": {
          "line": 47,
          "column": 68
        }
      },
      "47": {
        "start": {
          "line": 48,
          "column": 0
        },
        "end": {
          "line": 48,
          "column": 33
        }
      },
      "48": {
        "start": {
          "line": 49,
          "column": 0
        },
        "end": {
          "line": 49,
          "column": 35
        }
      },
      "49": {
        "start": {
          "line": 50,
          "column": 0
        },
        "end": {
          "line": 50,
          "column": 26
        }
      },
      "50": {
        "start": {
          "line": 51,
          "column": 0
        },
        "end": {
          "line": 51,
          "column": 75
        }
      },
      "51": {
        "start": {
          "line": 52,
          "column": 0
        },
        "end": {
          "line": 52,
          "column": 58
        }
      },
      "52": {
        "start": {
          "line": 53,
          "column": 0
        },
        "end": {
          "line": 53,
          "column": 3
        }
      },
      "53": {
        "start": {
          "line": 54,
          "column": 0
        },
        "end": {
          "line": 54,
          "column": 99
        }
      },
      "54": {
        "start": {
          "line": 55,
          "column": 0
        },
        "end": {
          "line": 55,
          "column": 22
        }
      },
      "55": {
        "start": {
          "line": 56,
          "column": 0
        },
        "end": {
          "line": 56,
          "column": 26
        }
      },
      "56": {
        "start": {
          "line": 57,
          "column": 0
        },
        "end": {
          "line": 57,
          "column": 3
        }
      },
      "57": {
        "start": {
          "line": 58,
          "column": 0
        },
        "end": {
          "line": 58,
          "column": 0
        }
      },
      "58": {
        "start": {
          "line": 59,
          "column": 0
        },
        "end": {
          "line": 59,
          "column": 91
        }
      },
      "59": {
        "start": {
          "line": 60,
          "column": 0
        },
        "end": {
          "line": 60,
          "column": 29
        }
      },
      "60": {
        "start": {
          "line": 61,
          "column": 0
        },
        "end": {
          "line": 61,
          "column": 33
        }
      },
      "61": {
        "start": {
          "line": 62,
          "column": 0
        },
        "end": {
          "line": 62,
          "column": 28
        }
      },
      "62": {
        "start": {
          "line": 63,
          "column": 0
        },
        "end": {
          "line": 63,
          "column": 5
        }
      },
      "63": {
        "start": {
          "line": 64,
          "column": 0
        },
        "end": {
          "line": 64,
          "column": 36
        }
      },
      "64": {
        "start": {
          "line": 65,
          "column": 0
        },
        "end": {
          "line": 65,
          "column": 31
        }
      },
      "65": {
        "start": {
          "line": 66,
          "column": 0
        },
        "end": {
          "line": 66,
          "column": 5
        }
      },
      "66": {
        "start": {
          "line": 67,
          "column": 0
        },
        "end": {
          "line": 67,
          "column": 0
        }
      },
      "67": {
        "start": {
          "line": 68,
          "column": 0
        },
        "end": {
          "line": 68,
          "column": 35
        }
      },
      "68": {
        "start": {
          "line": 69,
          "column": 0
        },
        "end": {
          "line": 69,
          "column": 41
        }
      },
      "69": {
        "start": {
          "line": 70,
          "column": 0
        },
        "end": {
          "line": 70,
          "column": 53
        }
      },
      "70": {
        "start": {
          "line": 71,
          "column": 0
        },
        "end": {
          "line": 71,
          "column": 27
        }
      },
      "71": {
        "start": {
          "line": 72,
          "column": 0
        },
        "end": {
          "line": 72,
          "column": 18
        }
      },
      "72": {
        "start": {
          "line": 73,
          "column": 0
        },
        "end": {
          "line": 73,
          "column": 41
        }
      },
      "73": {
        "start": {
          "line": 74,
          "column": 0
        },
        "end": {
          "line": 74,
          "column": 91
        }
      },
      "74": {
        "start": {
          "line": 75,
          "column": 0
        },
        "end": {
          "line": 75,
          "column": 23
        }
      },
      "75": {
        "start": {
          "line": 76,
          "column": 0
        },
        "end": {
          "line": 76,
          "column": 16
        }
      },
      "76": {
        "start": {
          "line": 77,
          "column": 0
        },
        "end": {
          "line": 77,
          "column": 18
        }
      },
      "77": {
        "start": {
          "line": 78,
          "column": 0
        },
        "end": {
          "line": 78,
          "column": 9
        }
      },
      "78": {
        "start": {
          "line": 79,
          "column": 0
        },
        "end": {
          "line": 79,
          "column": 0
        }
      },
      "79": {
        "start": {
          "line": 80,
          "column": 0
        },
        "end": {
          "line": 80,
          "column": 33
        }
      },
      "80": {
        "start": {
          "line": 81,
          "column": 0
        },
        "end": {
          "line": 81,
          "column": 0
        }
      },
      "81": {
        "start": {
          "line": 82,
          "column": 0
        },
        "end": {
          "line": 82,
          "column": 27
        }
      },
      "82": {
        "start": {
          "line": 83,
          "column": 0
        },
        "end": {
          "line": 83,
          "column": 21
        }
      },
      "83": {
        "start": {
          "line": 84,
          "column": 0
        },
        "end": {
          "line": 84,
          "column": 18
        }
      },
      "84": {
        "start": {
          "line": 85,
          "column": 0
        },
        "end": {
          "line": 85,
          "column": 20
        }
      },
      "85": {
        "start": {
          "line": 86,
          "column": 0
        },
        "end": {
          "line": 86,
          "column": 11
        }
      },
      "86": {
        "start": {
          "line": 87,
          "column": 0
        },
        "end": {
          "line": 87,
          "column": 60
        }
      },
      "87": {
        "start": {
          "line": 88,
          "column": 0
        },
        "end": {
          "line": 88,
          "column": 10
        }
      },
      "88": {
        "start": {
          "line": 89,
          "column": 0
        },
        "end": {
          "line": 89,
          "column": 0
        }
      },
      "89": {
        "start": {
          "line": 90,
          "column": 0
        },
        "end": {
          "line": 90,
          "column": 25
        }
      },
      "90": {
        "start": {
          "line": 91,
          "column": 0
        },
        "end": {
          "line": 91,
          "column": 60
        }
      },
      "91": {
        "start": {
          "line": 92,
          "column": 0
        },
        "end": {
          "line": 92,
          "column": 10
        }
      },
      "92": {
        "start": {
          "line": 93,
          "column": 0
        },
        "end": {
          "line": 93,
          "column": 0
        }
      },
      "93": {
        "start": {
          "line": 94,
          "column": 0
        },
        "end": {
          "line": 94,
          "column": 37
        }
      },
      "94": {
        "start": {
          "line": 95,
          "column": 0
        },
        "end": {
          "line": 95,
          "column": 22
        }
      },
      "95": {
        "start": {
          "line": 96,
          "column": 0
        },
        "end": {
          "line": 96,
          "column": 34
[...]
          "line": 3,
          "column": 65
        }
      },
      "3": {
        "start": {
          "line": 4,
          "column": 0
        },
        "end": {
          "line": 4,
          "column": 1
        }
      },
      "4": {
        "start": {
          "line": 5,
          "column": 0
        },
        "end": {
          "line": 5,
          "column": 43
        }
      },
      "5": {
        "start": {
          "line": 6,
          "column": 0
        },
        "end": {
          "line": 6,
          "column": 60
        }
      },
      "6": {
        "start": {
          "line": 7,
          "column": 0
        },
        "end": {
          "line": 7,
          "column": 1
        }
      },
      "7": {
        "start": {
          "line": 8,
          "column": 0
        },
        "end": {
          "line": 8,
          "column": 40
        }
      },
      "8": {
        "start": {
          "line": 9,
          "column": 0
        },
        "end": {
          "line": 9,
          "column": 98
        }
      },
      "9": {
        "start": {
          "line": 10,
          "column": 0
        },
        "end": {
          "line": 10,
          "column": 1
        }
      }
    },
    "s": {
      "0": 1,
      "1": 1,
      "2": 272,
      "3": 272,
      "4": 1,
      "5": 16,
      "6": 16,
      "7": 1,
      "8": 26,
      "9": 26
    },
    "branchMap": {
      "0": {
        "type": "branch",
        "line": 2,
        "loc": {
          "start": {
            "line": 2,
            "column": 7
          },
          "end": {
            "line": 4,
            "column": 1
          }
        },
        "locations": [
          {
            "start": {
              "line": 2,
              "column": 7
            },
            "end": {
              "line": 4,
              "column": 1
            }
          }
        ]
      },
      "1": {
        "type": "branch",
        "line": 3,
        "loc": {
          "start": {
            "line": 3,
            "column": 38
          },
          "end": {
            "line": 3,
            "column": 64
          }
        },
        "locations": [
          {
            "start": {
              "line": 3,
              "column": 38
            },
            "end": {
              "line": 3,
              "column": 64
            }
          }
        ]
      },
      "2": {
        "type": "branch",
        "line": 5,
        "loc": {
          "start": {
            "line": 5,
            "column": 7
          },
          "end": {
            "line": 7,
            "column": 1
          }
        },
        "locations": [
          {
            "start": {
              "line": 5,
              "column": 7
            },
            "end": {
              "line": 7,
              "column": 1
            }
          }
        ]
      },
      "3": {
        "type": "branch",
        "line": 6,
        "loc": {
          "start": {
            "line": 6,
            "column": 38
          },
          "end": {
            "line": 6,
            "column": 59
          }
        },
        "locations": [
          {
            "start": {
              "line": 6,
              "column": 38
            },
            "end": {
              "line": 6,
              "column": 59
            }
          }
        ]
      },
      "4": {
        "type": "branch",
        "line": 8,
        "loc": {
          "start": {
            "line": 8,
            "column": 7
          },
          "end": {
            "line": 10,
            "column": 1
          }
        },
        "locations": [
          {
            "start": {
              "line": 8,
              "column": 7
            },
            "end": {
              "line": 10,
              "column": 1
            }
          }
        ]
      }
    },
    "b": {
      "0": [
        272
      ],
      "1": [
        268
      ],
      "2": [
        16
      ],
      "3": [
        8
      ],
      "4": [
        26
      ]
    },
    "fnMap": {
      "0": {
        "name": "isTag",
        "decl": {
          "start": {
            "line": 2,
            "column": 7
          },
          "end": {
            "line": 4,
            "column": 1
          }
        },
        "loc": {
          "start": {
            "line": 2,
            "column": 7
          },
          "end": {
            "line": 4,
            "column": 1
          }
        },
        "line": 2
      },
      "1": {
        "name": "isStyledComponent",
        "decl": {
          "start": {
            "line": 5,
            "column": 7
          },
          "end": {
            "line": 7,
            "column": 1
          }
        },
        "loc": {
          "start": {
            "line": 5,
            "column": 7
          },
          "end": {
            "line": 7,
            "column": 1
          }
        },
        "line": 5
      },
      "2": {
        "name": "isVueComponent",
        "decl": {
          "start": {
            "line": 8,
            "column": 7
          },
          "end": {
            "line": 10,
            "column": 1
          }
        },
        "loc": {
          "start": {
            "line": 8,
            "column": 7
          },
          "end": {
            "line": 10,
            "column": 1
          }
        },
        "line": 8
      }
    },
    "f": {
      "0": 272,
      "1": 16,
      "2": 26
    }
  },
  "E:\\projects\\vue3-styled-components\\package\\utils\\is.ts": {
    "path": "E:\\projects\\vue3-styled-components\\package\\utils\\is.ts",
    "all": true,
    "statementMap": {
      "0": {
        "start": {
          "line": 1,
          "column": 0
        },
        "end": {
          "line": 1,
          "column": 76
        }
      },
      "1": {
        "start": {
          "line": 2,
          "column": 0
        },
        "end": {
          "line": 2,
          "column": 0
        }
      },
      "2": {
        "start": {
          "line": 3,
          "column": 0
        },
        "end": {
          "line": 3,
          "column": 36
        }
      },
      "3": {
        "start": {
          "line": 4,
          "column": 0
        },
        "end": {
          "line": 4,
          "column": 87
        }
      },
      "4": {
        "start": {
          "line": 5,
          "column": 0
        },
        "end": {
          "line": 5,
          "column": 1
        }
      },
      "5": {
        "start": {
          "line": 6,
          "column": 0
        },
        "end": {
          "line": 6,
          "column": 0
        }
      },
      "6": {
        "start": {
          "line": 7,
          "column": 0
        },
        "end": {
          "line": 7,
          "column": 48
        }
      },
      "7": {
        "start": {
          "line": 8,
          "column": 0
        },
        "end": {
          "line": 8,
          "column": 57
        }
      },
      "8": {
        "start": {
          "line": 9,
          "column": 0
        },
        "end": {
          "line": 9,
          "column": 1
        }
      },
      "9": {
        "start": {
          "line": 10,
          "column": 0
        },
        "end": {
          "line": 10,
          "column": 0
        }
      },
      "10": {
        "start": {
          "line": 11,
          "column": 0
        },
        "end": {
          "line": 11,
          "column": 45
        }
      },
      "11": {
        "start": {
          "line": 12,
          "column": 0
        },
        "end": {
          "line": 12,
          "column": 95
        }
      },
      "12": {
        "start": {
          "line": 13,
          "column": 0
        },
        "end": {
          "line": 13,
          "column": 1
        }
      }
    },
    "s": {
      "0": 0,
      "1": 0,
      "2": 0,
      "3": 0,
      "4": 0,
      "5": 0,
      "6": 0,
      "7": 0,
      "8": 0,
      "9": 0,
      "10": 0,
      "11": 0,
      "12": 0
    },
    "branchMap": {
      "0": {
        "type": "branch",
        "line": 1,
        "loc": {
          "start": {
            "line": 1,
            "column": 459
          },
          "end": {
            "line": 13,
            "column": 1
          }
        },
        "locations": [
          {
            "start": {
              "line": 1,
              "column": 459
            },
            "end": {
              "line": 13,
              "column": 1
            }
          }
        ]
      }
    },
    "b": {
      "0": [
        0
      ]
    },
    "fnMap": {
      "0": {
        "name": "(empty-report)",
        "decl": {
          "start": {
            "line": 1,
            "column": 459
          },
          "end": {
            "line": 13,
            "column": 1
          }
        },
        "loc": {
          "start": {
            "line": 1,
            "column": 459
          },
          "end": {
            "line": 13,
            "column": 1
          }
        },
        "line": 1
      }
    },
    "f": {
      "0": 0
    }
  },
  "E:\\projects\\vue3-styled-components\\package\\utils\\parser.js": {
    "path": "E:\\projects\\vue3-styled-components\\package\\utils\\parser.js",
    "all": false,
    "statementMap": {
      "0": {
        "start": {
          "line": 1,
          "column": 0
        },
        "end": {
          "line": 1,
          "column": 40
        }
      },
      "1": {
        "start": {
          "line": 2,
          "column": 0
        },
        "end": {
          "line": 2,
          "column": 22
        }
      },
      "2": {
        "start": {
          "line": 3,
          "column": 0
        },
        "end": {
          "line": 3,
          "column": 62
        }
      },
      "3": {
        "start": {
          "line": 4,
          "column": 0
        },
        "end": {
          "line": 4,
          "column": 14
        }
      },
      "4": {
        "start": {
          "line": 5,
          "column": 0
        },
        "end": {
          "line": 5,
          "column": 57
        }
      },
      "5": {
        "start": {
          "line": 6,
          "column": 0
        },
        "end": {
          "line": 6,
          "column": 45
        }
      },
      "6": {
        "start": {
          "line": 7,
          "column": 0
        },
        "end": {
          "line": 7,
          "column": 47
        }
      },
      "7": {
        "start": {
          "line": 8,
          "column": 0
        },
        "end": {
          "line": 8,
          "column": 5
        }
      },
      "8": {
        "start": {
          "line": 9,
          "column": 0
        },
        "end": {
          "line": 9,
          "column": 18
        }
      },
      "9": {
        "start": {
          "line": 10,
          "column": 0
        },
        "end": {
          "line": 10,
          "column": 1
        }
      }
    },
    "s": {
      "0": 1,
      "1": 0,
      "2": 0,
      "3": 0,
      "4": 0,
      "5": 0,
      "6": 0,
      "7": 0,
      "8": 0,
      "9": 0
    },
    "branchMap": {},
    "b": {},
    "fnMap": {
      "0": {
        "name": "parseCSS",
        "decl": {
          "start": {
            "line": 1,
            "column": 7
          },
          "end": {
            "line": 10,
            "column": 1
          }
        },
        "loc": {
          "start": {
            "line": 1,
            "column": 7
          },
          "end": {
            "line": 10,
            "column": 1
          }
        },
        "line": 1
      }
    },
    "f": {
      "0": 0
    }
  },
  "E:\\projects\\vue3-styled-components\\package\\utils\\parser.ts": {
    "path": "E:\\projects\\vue3-styled-components\\package\\utils\\parser.ts",
    "all": true,
    "statementMap": {
      "0": {
        "start": {
          "line": 1,
          "column": 0
        },
        "end": {
          "line": 1,
          "column": 48
        }
      },
      "1": {
        "start": {
          "line": 2,
          "column": 0
        },
        "end": {
          "line": 2,
          "column": 40
        }
      },
      "2": {
        "start": {
          "line": 3,
          "column": 0
        },
        "end": {
          "line": 3,
          "column": 59
        }
      },
      "3": {
        "start": {
          "line": 4,
          "column": 0
        },
        "end": {
          "line": 4,
          "column": 11
        }
      },
      "4": {
        "start": {
          "line": 5,
          "column": 0
        },
        "end": {
          "line": 5,
          "column": 55
        }
      },
      "5": {
        "start": {
          "line": 6,
          "column": 0
        },
        "end": {
          "line": 6,
          "column": 40
        }
      },
      "6": {
        "start": {
          "line": 7,
          "column": 0
        },
        "end": {
          "line": 7,
          "column": 42
        }
      },
      "7": {
        "start": {
          "line": 8,
          "column": 0
        },
        "end": {
          "line": 8,
          "column": 3
        }
      },
      "8": {
        "start": {
          "line": 9,
          "column": 0
        },
        "end": {
          "line": 9,
          "column": 15
        }
      },
      "9": {
        "start": {
          "line": 10,
          "column": 0
        },
        "end": {
          "line": 10,
          "column": 1
        }
      }
    },
    "s": {
      "0": 0,
      "1": 0,
      "2": 0,
      "3": 0,
      "4": 0,
      "5": 0,
      "6": 0,
      "7": 0,
      "8": 0,
      "9": 0
    },
    "branchMap": {
      "0": {
        "type": "branch",
        "line": 1,
        "loc": {
          "start": {
            "line": 1,
            "column": 323
          },
          "end": {
            "line": 10,
            "column": 1
          }
        },
        "locations": [
          {
            "start": {
              "line": 1,
              "column": 323
            },
            "end": {
              "line": 10,
              "column": 1
            }
          }
        ]
      }
    },
    "b": {
      "0": [
        0
      ]
    },
    "fnMap": {
      "0": {
        "name": "(empty-report)",
        "decl": {
          "start": {
            "line": 1,
            "column": 323
          },
          "end": {
            "line": 10,
            "column": 1
          }
        },
        "loc": {
          "start": {
            "line": 1,
            "column": 323
          },
          "end": {
            "line": 10,
            "column": 1
          }
        },
        "line": 1
      }
    },
    "f": {
      "0": 0
    }
  },
  "E:\\projects\\vue3-styled-components\\package\\utils\\validate.js": {
    "path": "E:\\projects\\vue3-styled-components\\package\\utils\\validate.js",
    "all": false,
    "statementMap": {
      "0": {
        "start": {
          "line": 1,
          "column": 0
        },
        "end": {
          "line": 1,
          "column": 75
        }
      },
      "1": {
        "start": {
          "line": 2,
          "column": 0
        },
        "end": {
          "line": 2,
          "column": 44
        }
      },
      "2": {
        "start": {
          "line": 3,
          "column": 0
        },
        "end": {
          "line": 3,
          "column": 80
        }
      },
      "3": {
        "start": {
          "line": 4,
          "column": 0
        },
        "end": {
          "line": 4,
          "column": 1
        }
      }
    },
    "s": {
      "0": 1,
      "1": 1,
      "2": 272,
      "3": 272
    },
    "branchMap": {
      "0": {
        "type": "branch",
        "line": 2,
        "loc": {
          "start": {
            "line": 2,
            "column": 7
          },
          "end": {
            "line": 4,
            "column": 1
          }
        },
        "locations": [
          {
            "start": {
              "line": 2,
              "column": 7
            },
            "end": {
              "line": 4,
              "column": 1
            }
          }
        ]
      },
      "1": {
        "type": "branch",
        "line": 3,
        "loc": {
          "start": {
            "line": 3,
            "column": 25
          },
          "end": {
            "line": 3,
            "column": 53
          }
        },
        "locations": [
          {
            "start": {
              "line": 3,
              "column": 25
            },
            "end": {
              "line": 3,
              "column": 53
            }
          }
        ]
      },
      "2": {
        "type": "branch",
        "line": 3,
        "loc": {
          "start": {
            "line": 3,
            "column": 54
          },
          "end": {
            "line": 3,
            "column": 79
          }
        },
        "locations": [
          {
            "start": {
              "line": 3,
              "column": 54
            },
            "end": {
              "line": 3,
              "column": 79
            }
          }
        ]
      }
    },
    "b": {
      "0": [
        272
      ],
      "1": [
        6
      ],
      "2": [
        4
      ]
    },
    "fnMap": {
      "0": {
        "name": "isValidElementType",
        "decl": {
          "start": {
            "line": 2,
            "column": 7
          },
          "end": {
            "line": 4,
            "column": 1
          }
        },
        "loc": {
          "start": {
            "line": 2,
            "column": 7
          },
          "end": {
            "line": 4,
            "column": 1
          }
        },
        "line": 2
      }
    },
    "f": {
      "0": 272
    }
  },
  "E:\\projects\\vue3-styled-components\\package\\utils\\validate.ts": {
    "path": "E:\\projects\\vue3-styled-components\\package\\utils\\validate.ts",
    "all": true,
    "statementMap": {
      "0": {
        "start": {
          "line": 1,
          "column": 0
        },
        "end": {
          "line": 1,
          "column": 66
        }
      },
      "1": {
        "start": {
          "line": 2,
          "column": 0
        },
        "end": {
          "line": 2,
          "column": 0
        }
      },
      "2": {
        "start": {
          "line": 3,
          "column": 0
        },
        "end": {
          "line": 3,
          "column": 49
        }
      },
      "3": {
        "start": {
          "line": 4,
          "column": 0
        },
        "end": {
          "line": 4,
          "column": 77
        }
      },
      "4": {
        "start": {
          "line": 5,
          "column": 0
        },
        "end": {
          "line": 5,
          "column": 1
        }
      }
    },
    "s": {
      "0": 0,
      "1": 0,
      "2": 0,
      "3": 0,
      "4": 0
    },
    "branchMap": {
      "0": {
        "type": "branch",
        "line": 1,
        "loc": {
          "start": {
            "line": 1,
            "column": 0
          },
          "end": {
            "line": 5,
            "column": -63
          }
        },
        "locations": [
          {
            "start": {
              "line": 1,
              "column": 0
            },
            "end": {
              "line": 5,
              "column": -63
            }
          }
        ]
      }
    },
    "b": {
      "0": [
        0
      ]
    },
    "fnMap": {
      "0": {
        "name": "(empty-report)",
        "decl": {
          "start": {
            "line": 1,
            "column": 0
          },
          "end": {
            "line": 5,
            "column": -63
          }
        },
        "loc": {
          "start": {
            "line": 1,
            "column": 0
          },
          "end": {
            "line": 5,
            "column": -63
          }
        },
        "line": 1
      }
    },
    "f": {
      "0": 0
    }
  }
}
