{
  "E:\\projects\\vue3-styled-components\\package\\index.ts": {
    "path": "E:\\projects\\vue3-styled-components\\package\\index.ts",
    "all": false,
    "statementMap": {
      "0": {
        "start": {
          "line": 1,
          "column": 0
        },
        "end": {
          "line": 1,
          "column": 24
        }
      },
      "1": {
        "start": {
          "line": 2,
          "column": 0
        },
        "end": {
          "line": 2,
          "column": 27
        }
      },
      "2": {
        "start": {
          "line": 3,
          "column": 0
        },
        "end": {
          "line": 3,
          "column": 27
        }
      }
    },
    "s": {
      "0": 1,
      "1": 1,
      "2": 1
    },
    "branchMap": {},
    "b": {},
    "fnMap": {},
    "f": {}
  },
  "E:\\projects\\vue3-styled-components\\package\\injectStyle.ts": {
    "path": "E:\\projects\\vue3-styled-components\\package\\injectStyle.ts",
    "all": false,
    "statementMap": {
      "0": {
        "start": {
          "line": 1,
          "column": 0
        },
        "end": {
          "line": 1,
          "column": 58
        }
      },
      "1": {
        "start": {
          "line": 2,
          "column": 0
        },
        "end": {
          "line": 2,
          "column": 0
        }
      },
      "2": {
        "start": {
          "line": 3,
          "column": 0
        },
        "end": {
          "line": 3,
          "column": 22
        }
      },
      "3": {
        "start": {
          "line": 4,
          "column": 0
        },
        "end": {
          "line": 4,
          "column": 0
        }
      },
      "4": {
        "start": {
          "line": 5,
          "column": 0
        },
        "end": {
          "line": 5,
          "column": 19
        }
      },
      "5": {
        "start": {
          "line": 6,
          "column": 0
        },
        "end": {
          "line": 6,
          "column": 48
        }
      },
      "6": {
        "start": {
          "line": 7,
          "column": 0
        },
        "end": {
          "line": 7,
          "column": 35
        }
      },
      "7": {
        "start": {
          "line": 8,
          "column": 0
        },
        "end": {
          "line": 8,
          "column": 0
        }
      },
      "8": {
        "start": {
          "line": 9,
          "column": 0
        },
        "end": {
          "line": 9,
          "column": 45
        }
      },
      "9": {
        "start": {
          "line": 10,
          "column": 0
        },
        "end": {
          "line": 10,
          "column": 47
        }
      },
      "10": {
        "start": {
          "line": 11,
          "column": 0
        },
        "end": {
          "line": 11,
          "column": 34
        }
      },
      "11": {
        "start": {
          "line": 12,
          "column": 0
        },
        "end": {
          "line": 12,
          "column": 18
        }
      },
      "12": {
        "start": {
          "line": 13,
          "column": 0
        },
        "end": {
          "line": 13,
          "column": 14
        }
      },
      "13": {
        "start": {
          "line": 14,
          "column": 0
        },
        "end": {
          "line": 14,
          "column": 1
        }
      },
      "14": {
        "start": {
          "line": 15,
          "column": 0
        },
        "end": {
          "line": 15,
          "column": 0
        }
      },
      "15": {
        "start": {
          "line": 16,
          "column": 0
        },
        "end": {
          "line": 16,
          "column": 55
        }
      },
      "16": {
        "start": {
          "line": 17,
          "column": 0
        },
        "end": {
          "line": 17,
          "column": 7
        }
      },
      "17": {
        "start": {
          "line": 18,
          "column": 0
        },
        "end": {
          "line": 18,
          "column": 0
        }
      },
      "18": {
        "start": {
          "line": 19,
          "column": 0
        },
        "end": {
          "line": 19,
          "column": 38
        }
      },
      "19": {
        "start": {
          "line": 20,
          "column": 0
        },
        "end": {
          "line": 20,
          "column": 0
        }
      },
      "20": {
        "start": {
          "line": 21,
          "column": 0
        },
        "end": {
          "line": 21,
          "column": 37
        }
      },
      "21": {
        "start": {
          "line": 22,
          "column": 0
        },
        "end": {
          "line": 22,
          "column": 31
        }
      },
      "22": {
        "start": {
          "line": 23,
          "column": 0
        },
        "end": {
          "line": 23,
          "column": 11
        }
      },
      "23": {
        "start": {
          "line": 24,
          "column": 0
        },
        "end": {
          "line": 24,
          "column": 3
        }
      },
      "24": {
        "start": {
          "line": 25,
          "column": 0
        },
        "end": {
          "line": 25,
          "column": 0
        }
      },
      "25": {
        "start": {
          "line": 26,
          "column": 0
        },
        "end": {
          "line": 26,
          "column": 45
        }
      },
      "26": {
        "start": {
          "line": 27,
          "column": 0
        },
        "end": {
          "line": 27,
          "column": 45
        }
      },
      "27": {
        "start": {
          "line": 28,
          "column": 0
        },
        "end": {
          "line": 28,
          "column": 0
        }
      },
      "28": {
        "start": {
          "line": 29,
          "column": 0
        },
        "end": {
          "line": 29,
          "column": 60
        }
      },
      "29": {
        "start": {
          "line": 30,
          "column": 0
        },
        "end": {
          "line": 30,
          "column": 20
        }
      },
      "30": {
        "start": {
          "line": 31,
          "column": 0
        },
        "end": {
          "line": 31,
          "column": 3
        }
      },
      "31": {
        "start": {
          "line": 32,
          "column": 0
        },
        "end": {
          "line": 32,
          "column": 0
        }
      },
      "32": {
        "start": {
          "line": 33,
          "column": 0
        },
        "end": {
          "line": 33,
          "column": 17
        }
      },
      "33": {
        "start": {
          "line": 34,
          "column": 0
        },
        "end": {
          "line": 34,
          "column": 24
        }
      },
      "34": {
        "start": {
          "line": 35,
          "column": 0
        },
        "end": {
          "line": 35,
          "column": 10
        }
      },
      "35": {
        "start": {
          "line": 36,
          "column": 0
        },
        "end": {
          "line": 36,
          "column": 3
        }
      },
      "36": {
        "start": {
          "line": 37,
          "column": 0
        },
        "end": {
          "line": 37,
          "column": 51
        }
      },
      "37": {
        "start": {
          "line": 38,
          "column": 0
        },
        "end": {
          "line": 38,
          "column": 35
        }
      },
      "38": {
        "start": {
          "line": 39,
          "column": 0
        },
        "end": {
          "line": 39,
          "column": 42
        }
      },
      "39": {
        "start": {
          "line": 40,
          "column": 0
        },
        "end": {
          "line": 40,
          "column": 1
        }
      },
      "40": {
        "start": {
          "line": 41,
          "column": 0
        },
        "end": {
          "line": 41,
          "column": 0
        }
      },
      "41": {
        "start": {
          "line": 42,
          "column": 0
        },
        "end": {
          "line": 42,
          "column": 126
        }
      },
      "42": {
        "start": {
          "line": 43,
          "column": 0
        },
        "end": {
          "line": 43,
          "column": 74
        }
      },
      "43": {
        "start": {
          "line": 44,
          "column": 0
        },
        "end": {
          "line": 44,
          "column": 31
        }
      },
      "44": {
        "start": {
          "line": 45,
          "column": 0
        },
        "end": {
          "line": 45,
          "column": 1
        }
      }
    },
    "s": {
      "0": 1,
      "1": 1,
      "2": 1,
      "3": 1,
      "4": 1,
      "5": 1,
      "6": 1,
      "7": 1,
      "8": 6,
      "9": 6,
      "10": 6,
      "11": 6,
      "12": 6,
      "13": 6,
      "14": 1,
      "15": 36,
      "16": 36,
      "17": 36,
      "18": 36,
      "19": 36,
      "20": 36,
      "21": 6,
      "22": 6,
      "23": 6,
      "24": 36,
      "25": 36,
      "26": 36,
      "27": 36,
      "28": 36,
      "29": 4,
      "30": 4,
      "31": 36,
      "32": 36,
      "33": 18,
      "34": 18,
      "35": 18,
      "36": 18,
      "37": 18,
      "38": 18,
      "39": 18,
      "40": 1,
      "41": 1,
      "42": 36,
      "43": 36,
      "44": 36
    },
    "branchMap": {
      "0": {
        "type": "branch",
        "line": 9,
        "loc": {
          "start": {
            "line": 9,
            "column": 0
          },
          "end": {
            "line": 14,
            "column": 1
          }
        },
        "locations": [
          {
            "start": {
              "line": 9,
              "column": 0
            },
            "end": {
              "line": 14,
              "column": 1
            }
          }
        ]
      },
      "1": {
        "type": "branch",
        "line": 16,
        "loc": {
          "start": {
            "line": 16,
            "column": 0
          },
          "end": {
            "line": 40,
            "column": 1
          }
        },
        "locations": [
          {
            "start": {
              "line": 16,
              "column": 0
            },
            "end": {
              "line": 40,
              "column": 1
            }
          }
        ]
      },
      "2": {
        "type": "branch",
        "line": 21,
        "loc": {
          "start": {
            "line": 21,
            "column": 7
          },
          "end": {
            "line": 21,
            "column": 36
          }
        },
        "locations": [
          {
            "start": {
              "line": 21,
              "column": 7
            },
            "end": {
              "line": 21,
              "column": 36
            }
          }
        ]
      },
      "3": {
        "type": "branch",
        "line": 21,
        "loc": {
          "start": {
            "line": 21,
            "column": 36
          },
          "end": {
            "line": 24,
            "column": 3
          }
        },
        "locations": [
          {
            "start": {
              "line": 21,
              "column": 36
            },
            "end": {
              "line": 24,
              "column": 3
            }
          }
        ]
      },
      "4": {
        "type": "branch",
        "line": 29,
        "loc": {
          "start": {
            "line": 29,
            "column": 20
          },
          "end": {
            "line": 29,
            "column": 59
          }
        },
        "locations": [
          {
            "start": {
              "line": 29,
              "column": 20
            },
            "end": {
              "line": 29,
              "column": 59
            }
          }
        ]
      },
      "5": {
        "type": "branch",
        "line": 29,
        "loc": {
          "start": {
            "line": 29,
            "column": 59
          },
          "end": {
            "line": 31,
            "column": 3
          }
        },
        "locations": [
          {
            "start": {
              "line": 29,
              "column": 59
            },
            "end": {
              "line": 31,
              "column": 3
            }
          }
        ]
      },
      "6": {
        "type": "branch",
        "line": 33,
        "loc": {
          "start": {
            "line": 33,
            "column": 16
          },
          "end": {
            "line": 40,
            "column": 1
          }
        },
        "locations": [
          {
            "start": {
              "line": 33,
              "column": 16
            },
            "end": {
              "line": 40,
              "column": 1
            }
          }
        ]
      },
      "7": {
        "type": "branch",
        "line": 42,
        "loc": {
          "start": {
            "line": 42,
            "column": 7
          },
          "end": {
            "line": 45,
            "column": 1
          }
        },
        "locations": [
          {
            "start": {
              "line": 42,
              "column": 7
            },
            "end": {
              "line": 45,
              "column": 1
            }
          }
        ]
      }
    },
    "b": {
      "0": [
        6
      ],
      "1": [
        36
      ],
      "2": [
        30
      ],
      "3": [
        6
      ],
      "4": [
        34
      ],
      "5": [
        4
      ],
      "6": [
        18
      ],
      "7": [
        36
      ]
    },
    "fnMap": {
      "0": {
        "name": "createStyleTag",
        "decl": {
          "start": {
            "line": 9,
            "column": 0
          },
          "end": {
            "line": 14,
            "column": 1
          }
        },
        "loc": {
          "start": {
            "line": 9,
            "column": 0
          },
          "end": {
            "line": 14,
            "column": 1
          }
        },
        "line": 9
      },
      "1": {
        "name": "insert",
        "decl": {
          "start": {
            "line": 16,
            "column": 0
          },
          "end": {
            "line": 40,
            "column": 1
          }
        },
        "loc": {
          "start": {
            "line": 16,
            "column": 0
          },
          "end": {
            "line": 40,
            "column": 1
          }
        },
        "line": 16
      },
      "2": {
        "name": "injectStyle",
        "decl": {
          "start": {
            "line": 42,
            "column": 7
          },
          "end": {
            "line": 45,
            "column": 1
          }
        },
        "loc": {
          "start": {
            "line": 42,
            "column": 7
          },
          "end": {
            "line": 45,
            "column": 1
          }
        },
        "line": 42
      }
    },
    "f": {
      "0": 6,
      "1": 36,
      "2": 36
    }
  },
  "E:\\projects\\vue3-styled-components\\package\\keyframes.ts": {
    "path": "E:\\projects\\vue3-styled-components\\package\\keyframes.ts",
    "all": false,
    "statementMap": {
      "0": {
        "start": {
          "line": 1,
          "column": 0
        },
        "end": {
          "line": 1,
          "column": 43
        }
      },
      "1": {
        "start": {
          "line": 2,
          "column": 0
        },
        "end": {
          "line": 2,
          "column": 44
        }
      },
      "2": {
        "start": {
          "line": 3,
          "column": 0
        },
        "end": {
          "line": 3,
          "column": 0
        }
      },
      "3": {
        "start": {
          "line": 4,
          "column": 0
        },
        "end": {
          "line": 4,
          "column": 59
        }
      },
      "4": {
        "start": {
          "line": 5,
          "column": 0
        },
        "end": {
          "line": 5,
          "column": 51
        }
      },
      "5": {
        "start": {
          "line": 6,
          "column": 0
        },
        "end": {
          "line": 6,
          "column": 14
        }
      },
      "6": {
        "start": {
          "line": 7,
          "column": 0
        },
        "end": {
          "line": 7,
          "column": 16
        }
      },
      "7": {
        "start": {
          "line": 8,
          "column": 0
        },
        "end": {
          "line": 8,
          "column": 5
        }
      },
      "8": {
        "start": {
          "line": 9,
          "column": 0
        },
        "end": {
          "line": 9,
          "column": 7
        }
      },
      "9": {
        "start": {
          "line": 10,
          "column": 0
        },
        "end": {
          "line": 10,
          "column": 36
        }
      },
      "10": {
        "start": {
          "line": 11,
          "column": 0
        },
        "end": {
          "line": 11,
          "column": 30
        }
      },
      "11": {
        "start": {
          "line": 12,
          "column": 0
        },
        "end": {
          "line": 12,
          "column": 9
        }
      },
      "12": {
        "start": {
          "line": 13,
          "column": 0
        },
        "end": {
          "line": 13,
          "column": 7
        }
      },
      "13": {
        "start": {
          "line": 14,
          "column": 0
        },
        "end": {
          "line": 14,
          "column": 6
        }
      },
      "14": {
        "start": {
          "line": 15,
          "column": 0
        },
        "end": {
          "line": 15,
          "column": 6
        }
      },
      "15": {
        "start": {
          "line": 16,
          "column": 0
        },
        "end": {
          "line": 16,
          "column": 3
        }
      },
      "16": {
        "start": {
          "line": 17,
          "column": 0
        },
        "end": {
          "line": 17,
          "column": 21
        }
      },
      "17": {
        "start": {
          "line": 18,
          "column": 0
        },
        "end": {
          "line": 18,
          "column": 1
        }
      }
    },
    "s": {
      "0": 1,
      "1": 1,
      "2": 1,
      "3": 1,
      "4": 2,
      "5": 2,
      "6": 2,
      "7": 2,
      "8": 2,
      "9": 2,
      "10": 2,
      "11": 2,
      "12": 2,
      "13": 2,
      "14": 2,
      "15": 2,
      "16": 2,
      "17": 2
    },
    "branchMap": {
      "0": {
        "type": "branch",
        "line": 4,
        "loc": {
          "start": {
            "line": 4,
            "column": 7
          },
          "end": {
            "line": 18,
            "column": 1
          }
        },
        "locations": [
          {
            "start": {
              "line": 4,
              "column": 7
            },
            "end": {
              "line": 18,
              "column": 1
            }
          }
        ]
      }
    },
    "b": {
      "0": [
        2
      ]
    },
    "fnMap": {
      "0": {
        "name": "keyframes",
        "decl": {
          "start": {
            "line": 4,
            "column": 7
          },
          "end": {
            "line": 18,
            "column": 1
          }
        },
        "loc": {
          "start": {
            "line": 4,
            "column": 7
          },
          "end": {
            "line": 18,
            "column": 1
          }
        },
        "line": 4
      }
    },
    "f": {
      "0": 2
    }
  },
  "E:\\projects\\vue3-styled-components\\package\\styled.ts": {
    "path": "E:\\projects\\vue3-styled-components\\package\\styled.ts",
    "all": false,
    "statementMap": {
      "0": {
        "start": {
          "line": 1,
          "column": 0
        },
        "end": {
          "line": 1,
          "column": 8
        }
      },
      "1": {
        "start": {
          "line": 2,
          "column": 0
        },
        "end": {
          "line": 2,
          "column": 18
        }
      },
      "2": {
        "start": {
          "line": 3,
          "column": 0
        },
        "end": {
          "line": 3,
          "column": 25
        }
      },
      "3": {
        "start": {
          "line": 4,
          "column": 0
        },
        "end": {
          "line": 4,
          "column": 4
        }
      },
      "4": {
        "start": {
          "line": 5,
          "column": 0
        },
        "end": {
          "line": 5,
          "column": 9
        }
      },
      "5": {
        "start": {
          "line": 6,
          "column": 0
        },
        "end": {
          "line": 6,
          "column": 12
        }
      },
      "6": {
        "start": {
          "line": 7,
          "column": 0
        },
        "end": {
          "line": 7,
          "column": 11
        }
      },
      "7": {
        "start": {
          "line": 8,
          "column": 0
        },
        "end": {
          "line": 8,
          "column": 14
        }
      },
      "8": {
        "start": {
          "line": 9,
          "column": 0
        },
        "end": {
          "line": 9,
          "column": 11
        }
      },
      "9": {
        "start": {
          "line": 10,
          "column": 0
        },
        "end": {
          "line": 10,
          "column": 12
        }
      },
      "10": {
        "start": {
          "line": 11,
          "column": 0
        },
        "end": {
          "line": 11,
          "column": 11
        }
      },
      "11": {
        "start": {
          "line": 12,
          "column": 0
        },
        "end": {
          "line": 12,
          "column": 13
        }
      },
      "12": {
        "start": {
          "line": 13,
          "column": 0
        },
        "end": {
          "line": 13,
          "column": 12
        }
      },
      "13": {
        "start": {
          "line": 14,
          "column": 0
        },
        "end": {
          "line": 14,
          "column": 81
        }
      },
      "14": {
        "start": {
          "line": 15,
          "column": 0
        },
        "end": {
          "line": 15,
          "column": 8
        }
      },
      "15": {
        "start": {
          "line": 16,
          "column": 0
        },
        "end": {
          "line": 16,
          "column": 23
        }
      },
      "16": {
        "start": {
          "line": 17,
          "column": 0
        },
        "end": {
          "line": 17,
          "column": 20
        }
      },
      "17": {
        "start": {
          "line": 18,
          "column": 0
        },
        "end": {
          "line": 18,
          "column": 24
        }
      },
      "18": {
        "start": {
          "line": 19,
          "column": 0
        },
        "end": {
          "line": 19,
          "column": 20
        }
      },
      "19": {
        "start": {
          "line": 20,
          "column": 0
        },
        "end": {
          "line": 20,
          "column": 20
        }
      },
      "20": {
        "start": {
          "line": 21,
          "column": 0
        },
        "end": {
          "line": 21,
          "column": 16
        }
      },
      "21": {
        "start": {
          "line": 22,
          "column": 0
        },
        "end": {
          "line": 22,
          "column": 16
        }
      },
      "22": {
        "start": {
          "line": 23,
          "column": 0
        },
        "end": {
          "line": 23,
          "column": 53
        }
      },
      "23": {
        "start": {
          "line": 24,
          "column": 0
        },
        "end": {
          "line": 24,
          "column": 43
        }
      },
      "24": {
        "start": {
          "line": 25,
          "column": 0
        },
        "end": {
          "line": 25,
          "column": 0
        }
      },
      "25": {
        "start": {
          "line": 26,
          "column": 0
        },
        "end": {
          "line": 26,
          "column": 18
        }
      },
      "26": {
        "start": {
          "line": 27,
          "column": 0
        },
        "end": {
          "line": 27,
          "column": 28
        }
      },
      "27": {
        "start": {
          "line": 28,
          "column": 0
        },
        "end": {
          "line": 28,
          "column": 1
        }
      },
      "28": {
        "start": {
          "line": 29,
          "column": 0
        },
        "end": {
          "line": 29,
          "column": 0
        }
      },
      "29": {
        "start": {
          "line": 30,
          "column": 0
        },
        "end": {
          "line": 30,
          "column": 43
        }
      },
      "30": {
        "start": {
          "line": 31,
          "column": 0
        },
        "end": {
          "line": 31,
          "column": 17
        }
      },
      "31": {
        "start": {
          "line": 32,
          "column": 0
        },
        "end": {
          "line": 32,
          "column": 1
        }
      },
      "32": {
        "start": {
          "line": 33,
          "column": 0
        },
        "end": {
          "line": 33,
          "column": 0
        }
      },
      "33": {
        "start": {
          "line": 34,
          "column": 0
        },
        "end": {
          "line": 34,
          "column": 107
        }
      },
      "34": {
        "start": {
          "line": 35,
          "column": 0
        },
        "end": {
          "line": 35,
          "column": 0
        }
      },
      "35": {
        "start": {
          "line": 36,
          "column": 0
        },
        "end": {
          "line": 36,
          "column": 107
        }
      },
      "36": {
        "start": {
          "line": 37,
          "column": 0
        },
        "end": {
          "line": 37,
          "column": 40
        }
      },
      "37": {
        "start": {
          "line": 38,
          "column": 0
        },
        "end": {
          "line": 38,
          "column": 71
        }
      },
      "38": {
        "start": {
          "line": 39,
          "column": 0
        },
        "end": {
          "line": 39,
          "column": 1
        }
      },
      "39": {
        "start": {
          "line": 40,
          "column": 0
        },
        "end": {
          "line": 40,
          "column": 36
        }
      },
      "40": {
        "start": {
          "line": 41,
          "column": 0
        },
        "end": {
          "line": 41,
          "column": 0
        }
      },
      "41": {
        "start": {
          "line": 42,
          "column": 0
        },
        "end": {
          "line": 42,
          "column": 121
        }
      },
      "42": {
        "start": {
          "line": 43,
          "column": 0
        },
        "end": {
          "line": 43,
          "column": 36
        }
      },
      "43": {
        "start": {
          "line": 44,
          "column": 0
        },
        "end": {
          "line": 44,
          "column": 42
        }
      },
      "44": {
        "start": {
          "line": 45,
          "column": 0
        },
        "end": {
          "line": 45,
          "column": 3
        }
      },
      "45": {
        "start": {
          "line": 46,
          "column": 0
        },
        "end": {
          "line": 46,
          "column": 28
        }
      },
      "46": {
        "start": {
          "line": 47,
          "column": 0
        },
        "end": {
          "line": 47,
          "column": 68
        }
      },
      "47": {
        "start": {
          "line": 48,
          "column": 0
        },
        "end": {
          "line": 48,
          "column": 33
        }
      },
      "48": {
        "start": {
          "line": 49,
          "column": 0
        },
        "end": {
          "line": 49,
          "column": 35
        }
      },
      "49": {
        "start": {
          "line": 50,
          "column": 0
        },
        "end": {
          "line": 50,
          "column": 26
        }
      },
      "50": {
        "start": {
          "line": 51,
          "column": 0
        },
        "end": {
          "line": 51,
          "column": 75
        }
      },
      "51": {
        "start": {
          "line": 52,
          "column": 0
        },
        "end": {
          "line": 52,
          "column": 58
        }
      },
      "52": {
        "start": {
          "line": 53,
          "column": 0
        },
        "end": {
          "line": 53,
          "column": 3
        }
      },
      "53": {
        "start": {
          "line": 54,
          "column": 0
        },
        "end": {
          "line": 54,
          "column": 99
        }
      },
      "54": {
        "start": {
          "line": 55,
          "column": 0
        },
        "end": {
          "line": 55,
          "column": 22
        }
      },
      "55": {
        "start": {
          "line": 56,
          "column": 0
        },
        "end": {
          "line": 56,
          "column": 26
        }
      },
      "56": {
        "start": {
          "line": 57,
          "column": 0
        },
        "end": {
          "line": 57,
          "column": 3
        }
      },
      "57": {
        "start": {
          "line": 58,
          "column": 0
        },
        "end": {
          "line": 58,
          "column": 0
        }
      },
      "58": {
        "start": {
          "line": 59,
          "column": 0
        },
        "end": {
          "line": 59,
          "column": 91
        }
      },
      "59": {
        "start": {
          "line": 60,
          "column": 0
        },
        "end": {
          "line": 60,
          "column": 29
        }
      },
      "60": {
        "start": {
          "line": 61,
          "column": 0
        },
        "end": {
          "line": 61,
          "column": 33
        }
      },
      "61": {
        "start": {
          "line": 62,
          "column": 0
        },
        "end": {
          "line": 62,
          "column": 28
        }
      },
      "62": {
        "start": {
          "line": 63,
          "column": 0
        },
        "end": {
          "line": 63,
          "column": 5
        }
      },
      "63": {
        "start": {
          "line": 64,
          "column": 0
        },
        "end": {
          "line": 64,
          "column": 36
        }
      },
      "64": {
        "start": {
          "line": 65,
          "column": 0
        },
        "end": {
          "line": 65,
          "column": 31
        }
      },
      "65": {
        "start": {
          "line": 66,
          "column": 0
        },
        "end": {
          "line": 66,
          "column": 5
        }
      },
      "66": {
        "start": {
          "line": 67,
          "column": 0
        },
        "end": {
          "line": 67,
          "column": 0
        }
      },
      "67": {
        "start": {
          "line": 68,
          "column": 0
        },
        "end": {
          "line": 68,
          "column": 35
        }
      },
      "68": {
        "start": {
          "line": 69,
          "column": 0
        },
        "end": {
          "line": 69,
          "column": 41
        }
      },
      "69": {
        "start": {
          "line": 70,
          "column": 0
        },
        "end": {
          "line": 70,
          "column": 53
        }
      },
      "70": {
        "start": {
          "line": 71,
          "column": 0
        },
        "end": {
          "line": 71,
          "column": 27
        }
      },
      "71": {
        "start": {
          "line": 72,
          "column": 0
        },
        "end": {
          "line": 72,
          "column": 18
        }
      },
      "72": {
        "start": {
          "line": 73,
          "column": 0
        },
        "end": {
          "line": 73,
          "column": 41
        }
      },
      "73": {
        "start": {
          "line": 74,
          "column": 0
        },
        "end": {
          "line": 74,
          "column": 85
        }
      },
      "74": {
        "start": {
          "line": 75,
          "column": 0
        },
        "end": {
          "line": 75,
          "column": 23
        }
      },
      "75": {
        "start": {
          "line": 76,
          "column": 0
        },
        "end": {
          "line": 76,
          "column": 16
        }
      },
      "76": {
        "start": {
          "line": 77,
          "column": 0
        },
        "end": {
          "line": 77,
          "column": 18
        }
      },
      "77": {
        "start": {
          "line": 78,
          "column": 0
        },
        "end": {
          "line": 78,
          "column": 9
        }
      },
      "78": {
        "start": {
          "line": 79,
          "column": 0
        },
        "end": {
          "line": 79,
          "column": 0
        }
      },
      "79": {
        "start": {
          "line": 80,
          "column": 0
        },
        "end": {
          "line": 80,
          "column": 33
        }
      },
      "80": {
        "start": {
          "line": 81,
          "column": 0
        },
        "end": {
          "line": 81,
          "column": 0
        }
      },
      "81": {
        "start": {
          "line": 82,
          "column": 0
        },
        "end": {
          "line": 82,
          "column": 27
        }
      },
      "82": {
        "start": {
          "line": 83,
          "column": 0
        },
        "end": {
          "line": 83,
          "column": 21
        }
      },
      "83": {
        "start": {
          "line": 84,
          "column": 0
        },
        "end": {
          "line": 84,
          "column": 18
        }
      },
      "84": {
        "start": {
          "line": 85,
          "column": 0
        },
        "end": {
          "line": 85,
          "column": 20
        }
      },
      "85": {
        "start": {
          "line": 86,
          "column": 0
        },
        "end": {
          "line": 86,
          "column": 11
        }
      },
      "86": {
        "start": {
          "line": 87,
          "column": 0
        },
        "end": {
          "line": 87,
          "column": 60
        }
      },
      "87": {
        "start": {
          "line": 88,
          "column": 0
        },
        "end": {
          "line": 88,
          "column": 10
        }
      },
      "88": {
        "start": {
          "line": 89,
          "column": 0
        },
        "end": {
          "line": 89,
          "column": 0
        }
      },
      "89": {
        "start": {
          "line": 90,
          "column": 0
        },
        "end": {
          "line": 90,
          "column": 25
        }
      },
      "90": {
        "start": {
          "line": 91,
          "column": 0
        },
        "end": {
          "line": 91,
          "column": 60
        }
      },
      "91": {
        "start": {
          "line": 92,
          "column": 0
        },
        "end": {
          "line": 92,
          "column": 10
        }
      },
      "92": {
        "start": {
          "line": 93,
          "column": 0
        },
        "end": {
          "line": 93,
          "column": 0
        }
      },
      "93": {
        "start": {
          "line": 94,
          "column": 0
        },
        "end": {
          "line": 94,
          "column": 37
        }
      },
      "94": {
        "start": {
          "line": 95,
          "column": 0
        },
        "end": {
          "line": 95,
          "column": 22
        }
      },
      "95": {
        "start": {
          "line": 96,
          "column": 0
        },
        "end": {
          "line": 96,
          "column": 34
        }
      },
      "96": {
        "start": {
          "line": 97,
          "column": 0
        },
        "end": {
          "line": 97,
          "column": 19
        }
      },
      "97": {
        "start": {
          "line": 98,
          "column": 0
        },
        "end": {
          "line": 98,
          "column": 66
        }
      },
      "98": {
        "start": {
          "line": 99,
          "column": 0
        },
        "end": {
          "line": 99,
          "column": 13
        }
      },
      "99": {
        "start": {
          "line": 100,
          "column": 0
        },
        "end": {
          "line": 100,
          "column": 24
        }
      },
      "100": {
        "start": {
          "line": 101,
          "column": 0
        },
        "end": {
          "line": 101,
          "column": 14
        }
      },
      "101": {
        "start": {
          "line": 102,
          "column": 0
        },
        "end": {
          "line": 102,
          "column": 17
        }
      },
      "102": {
        "start": {
          "line": 103,
          "column": 0
        },
        "end": {
          "line": 103,
          "column": 11
        }
      },
      "103": {
        "start": {
          "line": 104,
          "column": 0
        },
        "end": {
          "line": 104,
          "column": 9
        }
      },
      "104": {
        "start": {
          "line": 105,
          "column": 0
        },
        "end": {
          "line": 105,
          "column": 8
        }
      },
      "105": {
        "start": {
          "line": 106,
          "column": 0
        },
        "end": {
          "line": 106,
          "column": 7
        }
      },
      "106": {
        "start": {
          "line": 107,
          "column": 0
        },
        "end": {
          "line": 107,
          "column": 28
        }
      },
      "107": {
        "start": {
          "line": 108,
          "column": 0
        },
        "end": {
          "line": 108,
          "column": 16
        }
      },
      "108": {
        "start": {
          "line": 109,
          "column": 0
        },
        "end": {
          "line": 109,
          "column": 15
        }
      },
      "109": {
        "start": {
          "line": 110,
          "column": 0
        },
        "end": {
          "line": 110,
          "column": 59
        }
      },
      "110": {
        "start": {
          "line": 111,
          "column": 0
        },
        "end": {
          "line": 111,
          "column": 12
        }
      },
      "111": {
        "start": {
          "line": 112,
          "column": 0
        },
        "end": {
          "line": 112,
          "column": 28
        }
      },
      "112": {
        "start": {
          "line": 113,
          "column": 0
        },
        "end": {
          "line": 113,
          "column": 10
        }
      },
      "113": {
        "start": {
          "line": 114,
          "column": 0
        },
        "end": {
          "line": 114,
          "column": 27
        }
      },
      "114": {
        "start": {
          "line": 115,
          "column": 0
        },
        "end": {
          "line": 115,
          "column": 20
        }
      },
      "115": {
        "start": {
          "line": 116,
          "column": 0
        },
        "end": {
          "line": 116,
          "column": 14
        }
      },
      "116": {
        "start": {
          "line": 117,
          "column": 0
        },
        "end": {
          "line": 117,
          "column": 5
        }
      },
      "117": {
        "start": {
          "line": 118,
          "column": 0
        },
        "end": {
          "line": 118,
          "column": 3
        }
      },
      "118": {
        "start": {
          "line": 119,
          "column": 0
        },
        "end": {
          "line": 119,
          "column": 0
        }
      },
      "119": {
        "start": {
          "line": 120,
          "column": 0
        },
        "end": {
          "line": 120,
          "column": 24
        }
      },
      "120": {
        "start": {
          "line": 121,
          "column": 0
        },
        "end": {
          "line": 121,
          "column": 1
        }
      },
      "121": {
        "start": {
          "line": 122,
          "column": 0
        },
        "end": {
          "line": 122,
          "column": 0
        }
      },
      "122": {
        "start": {
          "line": 123,
          "column": 0
        },
        "end": {
          "line": 123,
          "column": 94
        }
      },
      "123": {
        "start": {
          "line": 124,
          "column": 0
        },
        "end": {
          "line": 124,
          "column": 25
        }
      },
      "124": {
        "start": {
          "line": 125,
          "column": 0
        },
        "end": {
          "line": 125,
          "column": 23
        }
      },
      "125": {
        "start": {
          "line": 126,
          "column": 0
        },
        "end": {
          "line": 126,
          "column": 77
        }
      },
      "126": {
        "start": {
          "line": 127,
          "column": 0
        },
        "end": {
          "line": 127,
          "column": 60
        }
      },
      "127": {
        "start": {
          "line": 128,
          "column": 0
        },
        "end": {
          "line": 128,
          "column": 20
        }
      },
      "128": {
        "start": {
          "line": 129,
          "column": 0
        },
        "end": {
          "line": 129,
          "column": 51
        }
      },
      "129": {
        "start": {
          "line": 130,
          "column": 0
        },
        "end": {
          "line": 130,
          "column": 7
        }
      },
      "130": {
        "start": {
          "line": 131,
          "column": 0
        },
        "end": {
          "line": 131,
          "column": 6
        }
      },
      "131": {
        "start": {
          "line": 132,
          "column": 0
        },
        "end": {
          "line": 132,
          "column": 5
        }
      },
      "132": {
        "start": {
          "line": 133,
          "column": 0
        },
        "end": {
          "line": 133,
          "column": 27
        }
      },
      "133": {
        "start": {
          "line": 134,
          "column": 0
        },
        "end": {
          "line": 134,
          "column": 25
        }
      },
      "134": {
        "start": {
          "line": 135,
          "column": 0
        },
        "end": {
          "line": 135,
          "column": 18
        }
      },
      "135": {
        "start": {
          "line": 136,
          "column": 0
        },
        "end": {
          "line": 136,
          "column": 12
        }
      },
      "136": {
        "start": {
          "line": 137,
          "column": 0
        },
        "end": {
          "line": 137,
          "column": 3
        }
      },
      "137": {
        "start": {
          "line": 138,
          "column": 0
        },
        "end": {
          "line": 138,
          "column": 1
        }
      },
      "138": {
        "start": {
          "line": 139,
          "column": 0
        },
        "end": {
          "line": 139,
          "column": 0
        }
      },
      "139": {
        "start": {
          "line": 140,
          "column": 0
        },
        "end": {
          "line": 140,
          "column": 70
        }
      },
      "140": {
        "start": {
          "line": 141,
          "column": 0
        },
        "end": {
          "line": 141,
          "column": 50
        }
      },
      "141": {
        "start": {
          "line": 142,
          "column": 0
        },
        "end": {
          "line": 142,
          "column": 47
        }
      },
      "142": {
        "start": {
          "line": 143,
          "column": 0
        },
        "end": {
          "line": 143,
          "column": 1
        }
      },
      "143": {
        "start": {
          "line": 144,
          "column": 0
        },
        "end": {
          "line": 144,
          "column": 0
        }
      },
      "144": {
        "start": {
          "line": 145,
          "column": 0
        },
        "end": {
          "line": 145,
          "column": 60
        }
      },
      "145": {
        "start": {
          "line": 146,
          "column": 0
        },
        "end": {
          "line": 146,
          "column": 45
        }
      },
      "146": {
        "start": {
          "line": 147,
          "column": 0
        },
        "end": {
          "line": 147,
          "column": 2
        }
      },
      "147": {
        "start": {
          "line": 148,
          "column": 0
        },
        "end": {
          "line": 148,
          "column": 0
        }
      },
      "148": {
        "start": {
          "line": 149,
          "column": 0
        },
        "end": {
          "line": 149,
          "column": 36
        }
      }
    },
    "s": {
      "0": 1,
      "1": 1,
      "2": 1,
      "3": 1,
      "4": 1,
      "5": 1,
      "6": 1,
      "7": 1,
      "8": 1,
      "9": 1,
      "10": 1,
      "11": 1,
      "12": 1,
      "13": 1,
      "14": 1,
      "15": 1,
      "16": 1,
      "17": 1,
      "18": 1,
      "19": 1,
      "20": 1,
      "21": 1,
      "22": 1,
      "23": 1,
      "24": 1,
      "25": 1,
      "26": 1,
      "27": 1,
      "28": 1,
      "29": 1,
      "30": 1,
      "31": 1,
      "32": 1,
      "33": 1,
      "34": 1,
      "35": 1,
      "36": 1,
      "37": 1,
      "38": 1,
      "39": 1,
      "40": 1,
      "41": 800,
      "42": 800,
      "43": 2,
      "44": 2,
      "45": 798,
      "46": 798,
      "47": 14,
      "48": 14,
      "49": 14,
      "50": 14,
      "51": 14,
      "52": 14,
      "53": 798,
      "54": 4,
      "55": 4,
      "56": 4,
      "57": 798,
      "58": 798,
      "59": 14,
      "60": 14,
      "61": 2,
      "62": 2,
      "63": 14,
      "64": 2,
      "65": 2,
      "66": 14,
      "67": 14,
      "68": 14,
      "69": 14,
      "70": 14,
      "71": 14,
      "72": 14,
      "73": 14,
      "74": 14,
      "75": 14,
      "76": 14,
      "77": 14,
      "78": 14,
      "79": 14,
      "80": 14,
      "81": 14,
      "82": 18,
      "83": 18,
      "84": 18,
      "85": 18,
      "86": 18,
      "87": 14,
      "88": 14,
      "89": 14,
      "90": 14,
      "91": 14,
      "92": 14,
      "93": 14,
      "94": 14,
      "95": 16,
      "96": 16,
      "97": 16,
      "98": 16,
      "99": 16,
      "100": 16,
      "101": 16,
      "102": 16,
      "103": 16,
      "104": 14,
      "105": 14,
      "106": 14,
      "107": 14,
      "108": 14,
      "109": 14,
      "110": 14,
      "111": 14,
      "112": 14,
      "113": 14,
      "114": 14,
      "115": 14,
      "116": 14,
      "117": 14,
      "118": 798,
      "119": 798,
      "120": 798,
      "121": 1,
      "122": 1,
      "123": 2,
      "124": 2,
      "125": 2,
      "126": 2,
      "127": 2,
      "128": 2,
      "129": 2,
      "130": 2,
      "131": 2,
      "132": 2,
      "133": 2,
      "134": 2,
      "135": 2,
      "136": 2,
      "137": 2,
      "138": 1,
      "139": 1,
      "140": 1,
      "141": 1,
      "142": 1,
      "143": 1,
      "144": 1,
      "145": 792,
      "146": 792,
      "147": 1,
      "148": 1
    },
    "branchMap": {
      "0": {
        "type": "branch",
        "line": 42,
        "loc": {
          "start": {
            "line": 42,
            "column": 0
          },
          "end": {
            "line": 121,
            "column": 1
          }
        },
        "locations": [
          {
            "start": {
              "line": 42,
              "column": 0
            },
            "end": {
              "line": 121,
              "column": 1
            }
          }
        ]
      },
      "1": {
        "type": "branch",
        "line": 43,
        "loc": {
          "start": {
            "line": 43,
            "column": 35
          },
          "end": {
            "line": 45,
            "column": 3
          }
        },
        "locations": [
          {
            "start": {
              "line": 43,
              "column": 35
            },
            "end": {
              "line": 45,
              "column": 3
            }
          }
        ]
      },
      "2": {
        "type": "branch",
        "line": 45,
        "loc": {
          "start": {
            "line": 45,
            "column": 2
          },
          "end": {
            "line": 121,
            "column": 1
          }
        },
        "locations": [
          {
            "start": {
              "line": 45,
              "column": 2
            },
            "end": {
              "line": 121,
              "column": 1
            }
          }
        ]
      },
      "3": {
        "type": "branch",
        "line": 47,
        "loc": {
          "start": {
            "line": 47,
            "column": 43
          },
          "end": {
            "line": 53,
            "column": 3
          }
        },
        "locations": [
          {
            "start": {
              "line": 47,
              "column": 43
            },
            "end": {
              "line": 53,
              "column": 3
            }
          }
        ]
      },
      "4": {
        "type": "branch",
        "line": 54,
        "loc": {
          "start": {
            "line": 54,
            "column": 26
          },
          "end": {
            "line": 57,
            "column": 3
          }
        },
        "locations": [
          {
            "start": {
              "line": 54,
              "column": 26
            },
            "end": {
              "line": 57,
              "column": 3
            }
          }
        ]
      },
      "5": {
        "type": "branch",
        "line": 59,
        "loc": {
          "start": {
            "line": 59,
            "column": 2
          },
          "end": {
            "line": 118,
            "column": 3
          }
        },
        "locations": [
          {
            "start": {
              "line": 59,
              "column": 2
            },
            "end": {
              "line": 118,
              "column": 3
            }
          }
        ]
      },
      "6": {
        "type": "branch",
        "line": 61,
        "loc": {
          "start": {
            "line": 61,
            "column": 32
          },
          "end": {
            "line": 63,
            "column": 5
          }
        },
        "locations": [
          {
            "start": {
              "line": 61,
              "column": 32
            },
            "end": {
              "line": 63,
              "column": 5
            }
          }
        ]
      },
      "7": {
        "type": "branch",
        "line": 64,
        "loc": {
          "start": {
            "line": 64,
            "column": 35
          },
          "end": {
            "line": 66,
            "column": 5
          }
        },
        "locations": [
          {
            "start": {
              "line": 64,
              "column": 35
            },
            "end": {
              "line": 66,
              "column": 5
            }
          }
        ]
      },
      "8": {
        "type": "branch",
        "line": 72,
        "loc": {
          "start": {
            "line": 72,
            "column": 6
          },
          "end": {
            "line": 105,
            "column": 8
          }
        },
        "locations": [
          {
            "start": {
              "line": 72,
              "column": 6
            },
            "end": {
              "line": 105,
              "column": 8
            }
          }
        ]
      },
      "9": {
        "type": "branch",
        "line": 82,
        "loc": {
          "start": {
            "line": 82,
            "column": 20
          },
          "end": {
            "line": 88,
            "column": 9
          }
        },
        "locations": [
          {
            "start": {
              "line": 82,
              "column": 20
            },
            "end": {
              "line": 88,
              "column": 9
            }
          }
        ]
      },
      "10": {
        "type": "branch",
        "line": 90,
        "loc": {
          "start": {
            "line": 90,
            "column": 18
          },
          "end": {
            "line": 92,
            "column": 9
          }
        },
        "locations": [
          {
            "start": {
              "line": 90,
              "column": 18
            },
            "end": {
              "line": 92,
              "column": 9
            }
          }
        ]
      },
      "11": {
        "type": "branch",
        "line": 95,
        "loc": {
          "start": {
            "line": 95,
            "column": 15
          },
          "end": {
            "line": 104,
            "column": 9
          }
        },
        "locations": [
          {
            "start": {
              "line": 95,
              "column": 15
            },
            "end": {
              "line": 104,
              "column": 9
            }
          }
        ]
      },
      "12": {
        "type": "branch",
        "line": 98,
        "loc": {
          "start": {
            "line": 98,
            "column": 33
          },
          "end": {
            "line": 98,
            "column": 46
          }
        },
        "locations": [
          {
            "start": {
              "line": 98,
              "column": 33
            },
            "end": {
              "line": 98,
              "column": 46
            }
          }
        ]
      },
      "13": {
        "type": "branch",
        "line": 98,
        "loc": {
          "start": {
            "line": 98,
            "column": 37
          },
          "end": {
            "line": 98,
            "column": 66
          }
        },
        "locations": [
          {
            "start": {
              "line": 98,
              "column": 37
            },
            "end": {
              "line": 98,
              "column": 66
            }
          }
        ]
      },
      "14": {
        "type": "branch",
        "line": 123,
        "loc": {
          "start": {
            "line": 123,
            "column": 26
          },
          "end": {
            "line": 138,
            "column": 1
          }
        },
        "locations": [
          {
            "start": {
              "line": 123,
              "column": 26
            },
            "end": {
              "line": 138,
              "column": 1
            }
          }
        ]
      },
      "15": {
        "type": "branch",
        "line": 125,
        "loc": {
          "start": {
            "line": 125,
            "column": 4
          },
          "end": {
            "line": 131,
            "column": 6
          }
        },
        "locations": [
          {
            "start": {
              "line": 125,
              "column": 4
            },
            "end": {
              "line": 131,
              "column": 6
            }
          }
        ]
      },
      "16": {
        "type": "branch",
        "line": 128,
        "loc": {
          "start": {
            "line": 128,
            "column": 13
          },
          "end": {
            "line": 130,
            "column": 7
          }
        },
        "locations": [
          {
            "start": {
              "line": 128,
              "column": 13
            },
            "end": {
              "line": 130,
              "column": 7
            }
          }
        ]
      },
      "17": {
        "type": "branch",
        "line": 145,
        "loc": {
          "start": {
            "line": 145,
            "column": 20
          },
          "end": {
            "line": 147,
            "column": 2
          }
        },
        "locations": [
          {
            "start": {
              "line": 145,
              "column": 20
            },
            "end": {
              "line": 147,
              "column": 2
            }
          }
        ]
      }
    },
    "b": {
      "0": [
        800
      ],
      "1": [
        2
      ],
      "2": [
        798
      ],
      "3": [
        14
      ],
      "4": [
        4
      ],
      "5": [
        14
      ],
      "6": [
        2
      ],
      "7": [
        2
      ],
      "8": [
        14
      ],
      "9": [
        18
      ],
      "10": [
        14
      ],
      "11": [
        16
      ],
      "12": [
        2
      ],
      "13": [
        14
      ],
      "14": [
        2
      ],
      "15": [
        2
      ],
      "16": [
        2
      ],
      "17": [
        792
      ]
    },
    "fnMap": {
      "0": {
        "name": "baseStyled",
        "decl": {
          "start": {
            "line": 42,
            "column": 0
          },
          "end": {
            "line": 121,
            "column": 1
          }
        },
        "loc": {
          "start": {
            "line": 42,
            "column": 0
          },
          "end": {
            "line": 121,
            "column": 1
          }
        },
        "line": 42
      },
      "1": {
        "name": "styledComponent2",
        "decl": {
          "start": {
            "line": 47,
            "column": 43
          },
          "end": {
            "line": 53,
            "column": 3
          }
        },
        "loc": {
          "start": {
            "line": 47,
            "column": 43
          },
          "end": {
            "line": 53,
            "column": 3
          }
        },
        "line": 47
      },
      "2": {
        "name": "styledComponent.attrs",
        "decl": {
          "start": {
            "line": 54,
            "column": 26
          },
          "end": {
            "line": 57,
            "column": 3
          }
        },
        "loc": {
          "start": {
            "line": 54,
            "column": 26
          },
          "end": {
            "line": 57,
            "column": 3
          }
        },
        "line": 54
      },
      "3": {
        "name": "createStyledComponent",
        "decl": {
          "start": {
            "line": 59,
            "column": 2
          },
          "end": {
            "line": 118,
            "column": 3
          }
        },
        "loc": {
          "start": {
            "line": 59,
            "column": 2
          },
          "end": {
            "line": 118,
            "column": 3
          }
        },
        "line": 59
      },
      "4": {
        "name": "__vite_ssr_import_0__.defineComponent.name",
        "decl": {
          "start": {
            "line": 72,
            "column": 6
          },
          "end": {
            "line": 105,
            "column": 8
          }
        },
        "loc": {
          "start": {
            "line": 72,
            "column": 6
          },
          "end": {
            "line": 105,
            "column": 8
          }
        },
        "line": 72
      },
      "5": {
        "name": "createGlobalStyle",
        "decl": {
          "start": {
            "line": 123,
            "column": 26
          },
          "end": {
            "line": 138,
            "column": 1
          }
        },
        "loc": {
          "start": {
            "line": 123,
            "column": 26
          },
          "end": {
            "line": 138,
            "column": 1
          }
        },
        "line": 123
      },
      "6": {
        "name": "__vite_ssr_import_0__.defineComponent.name",
        "decl": {
          "start": {
            "line": 125,
            "column": 4
          },
          "end": {
            "line": 131,
            "column": 6
          }
        },
        "loc": {
          "start": {
            "line": 125,
            "column": 4
          },
          "end": {
            "line": 131,
            "column": 6
          }
        },
        "line": 125
      }
    },
    "f": {
      "0": 800,
      "1": 14,
      "2": 4,
      "3": 14,
      "4": 14,
      "5": 2,
      "6": 2
    }
  },
  "E:\\projects\\vue3-styled-components\\package\\constants\\constants.ts": {
    "path": "E:\\projects\\vue3-styled-components\\package\\constants\\constants.ts",
    "all": false,
    "statementMap": {
      "0": {
        "start": {
          "line": 1,
          "column": 0
        },
        "end": {
          "line": 1,
          "column": 36
        }
      },
      "1": {
        "start": {
          "line": 2,
          "column": 0
        },
        "end": {
          "line": 2,
          "column": 40
        }
      }
    },
    "s": {
      "0": 1,
      "1": 1
    },
    "branchMap": {},
    "b": {},
    "fnMap": {},
    "f": {}
  },
  "E:\\projects\\vue3-styled-components\\package\\constants\\domElements.ts": {
    "path": "E:\\projects\\vue3-styled-components\\package\\constants\\domElements.ts",
    "all": false,
    "statementMap": {
      "0": {
        "start": {
          "line": 1,
          "column": 0
        },
        "end": {
          "line": 1,
          "column": 18
        }
      },
      "1": {
        "start": {
          "line": 2,
          "column": 0
        },
        "end": {
          "line": 2,
          "column": 6
        }
      },
      "2": {
        "start": {
          "line": 3,
          "column": 0
        },
        "end": {
          "line": 3,
          "column": 9
        }
      },
      "3": {
        "start": {
          "line": 4,
          "column": 0
        },
        "end": {
          "line": 4,
          "column": 12
        }
      },
      "4": {
        "start": {
          "line": 5,
          "column": 0
        },
        "end": {
          "line": 5,
          "column": 9
        }
      },
      "5": {
        "start": {
          "line": 6,
          "column": 0
        },
        "end": {
          "line": 6,
          "column": 12
        }
      },
      "6": {
        "start": {
          "line": 7,
          "column": 0
        },
        "end": {
          "line": 7,
          "column": 10
        }
      },
      "7": {
        "start": {
          "line": 8,
          "column": 0
        },
        "end": {
          "line": 8,
          "column": 10
        }
      },
      "8": {
        "start": {
          "line": 9,
          "column": 0
        },
        "end": {
          "line": 9,
          "column": 6
        }
      },
      "9": {
        "start": {
          "line": 10,
          "column": 0
        },
        "end": {
          "line": 10,
          "column": 9
        }
      },
      "10": {
        "start": {
          "line": 11,
          "column": 0
        },
        "end": {
          "line": 11,
          "column": 8
        }
      },
      "11": {
        "start": {
          "line": 12,
          "column": 0
        },
        "end": {
          "line": 12,
          "column": 8
        }
      },
      "12": {
        "start": {
          "line": 13,
          "column": 0
        },
        "end": {
          "line": 13,
          "column": 8
        }
      },
      "13": {
        "start": {
          "line": 14,
          "column": 0
        },
        "end": {
          "line": 14,
          "column": 15
        }
      },
      "14": {
        "start": {
          "line": 15,
          "column": 0
        },
        "end": {
          "line": 15,
          "column": 9
        }
      },
      "15": {
        "start": {
          "line": 16,
          "column": 0
        },
        "end": {
          "line": 16,
          "column": 7
        }
      },
      "16": {
        "start": {
          "line": 17,
          "column": 0
        },
        "end": {
          "line": 17,
          "column": 11
        }
      },
      "17": {
        "start": {
          "line": 18,
          "column": 0
        },
        "end": {
          "line": 18,
          "column": 11
        }
      },
      "18": {
        "start": {
          "line": 19,
          "column": 0
        },
        "end": {
          "line": 19,
          "column": 12
        }
      },
      "19": {
        "start": {
          "line": 20,
          "column": 0
        },
        "end": {
          "line": 20,
          "column": 9
        }
      },
      "20": {
        "start": {
          "line": 21,
          "column": 0
        },
        "end": {
          "line": 21,
          "column": 9
        }
      },
      "21": {
        "start": {
          "line": 22,
          "column": 0
        },
        "end": {
          "line": 22,
          "column": 8
        }
      },
      "22": {
        "start": {
          "line": 23,
          "column": 0
        },
        "end": {
          "line": 23,
          "column": 13
        }
      },
      "23": {
        "start": {
          "line": 24,
          "column": 0
        },
        "end": {
          "line": 24,
          "column": 9
        }
      },
      "24": {
        "start": {
          "line": 25,
          "column": 0
        },
        "end": {
          "line": 25,
          "column": 13
        }
      },
      "25": {
        "start": {
          "line": 26,
          "column": 0
        },
        "end": {
          "line": 26,
          "column": 7
        }
      },
      "26": {
        "start": {
          "line": 27,
          "column": 0
        },
        "end": {
          "line": 27,
          "column": 8
        }
      },
      "27": {
        "start": {
          "line": 28,
          "column": 0
        },
        "end": {
          "line": 28,
          "column": 12
        }
      },
      "28": {
        "start": {
          "line": 29,
          "column": 0
        },
        "end": {
          "line": 29,
          "column": 8
        }
      },
      "29": {
        "start": {
          "line": 30,
          "column": 0
        },
        "end": {
          "line": 30,
          "column": 11
        }
      },
      "30": {
        "start": {
          "line": 31,
          "column": 0
        },
        "end": {
          "line": 31,
          "column": 8
        }
      },
      "31": {
        "start": {
          "line": 32,
          "column": 0
        },
        "end": {
          "line": 32,
          "column": 7
        }
      },
      "32": {
        "start": {
          "line": 33,
          "column": 0
        },
        "end": {
          "line": 33,
          "column": 7
        }
      },
      "33": {
        "start": {
          "line": 34,
          "column": 0
        },
        "end": {
          "line": 34,
          "column": 7
        }
      },
      "34": {
        "start": {
          "line": 35,
          "column": 0
        },
        "end": {
          "line": 35,
          "column": 10
        }
      },
      "35": {
        "start": {
          "line": 36,
          "column": 0
        },
        "end": {
          "line": 36,
          "column": 13
        }
      },
      "36": {
        "start": {
          "line": 37,
          "column": 0
        },
        "end": {
          "line": 37,
          "column": 15
        }
      },
      "37": {
        "start": {
          "line": 38,
          "column": 0
        },
        "end": {
          "line": 38,
          "column": 11
        }
      },
      "38": {
        "start": {
          "line": 39,
          "column": 0
        },
        "end": {
          "line": 39,
          "column": 11
        }
      },
      "39": {
        "start": {
          "line": 40,
          "column": 0
        },
        "end": {
          "line": 40,
          "column": 9
        }
      },
      "40": {
        "start": {
          "line": 41,
          "column": 0
        },
        "end": {
          "line": 41,
          "column": 7
        }
      },
      "41": {
        "start": {
          "line": 42,
          "column": 0
        },
        "end": {
          "line": 42,
          "column": 7
        }
      },
      "42": {
        "start": {
          "line": 43,
          "column": 0
        },
        "end": {
          "line": 43,
          "column": 7
        }
      },
      "43": {
        "start": {
          "line": 44,
          "column": 0
        },
        "end": {
          "line": 44,
          "column": 7
        }
      },
      "44": {
        "start": {
          "line": 45,
          "column": 0
        },
        "end": {
          "line": 45,
          "column": 7
        }
      },
      "45": {
        "start": {
          "line": 46,
          "column": 0
        },
        "end": {
          "line": 46,
          "column": 7
        }
      },
      "46": {
        "start": {
          "line": 47,
          "column": 0
        },
        "end": {
          "line": 47,
          "column": 9
        }
      },
      "47": {
        "start": {
          "line": 48,
          "column": 0
        },
        "end": {
          "line": 48,
          "column": 11
        }
      },
      "48": {
        "start": {
          "line": 49,
          "column": 0
        },
        "end": {
          "line": 49,
          "column": 11
        }
      },
      "49": {
        "start": {
          "line": 50,
          "column": 0
        },
        "end": {
          "line": 50,
          "column": 7
        }
      },
      "50": {
        "start": {
          "line": 51,
          "column": 0
        },
        "end": {
          "line": 51,
          "column": 9
        }
      },
      "51": {
        "start": {
          "line": 52,
          "column": 0
        },
        "end": {
          "line": 52,
          "column": 6
        }
      },
      "52": {
        "start": {
          "line": 53,
          "column": 0
        },
        "end": {
          "line": 53,
          "column": 11
        }
      },
      "53": {
        "start": {
          "line": 54,
          "column": 0
        },
        "end": {
          "line": 54,
          "column": 8
        }
      },
      "54": {
        "start": {
          "line": 55,
          "column": 0
        },
        "end": {
          "line": 55,
          "column": 10
        }
      },
      "55": {
        "start": {
          "line": 56,
          "column": 0
        },
        "end": {
          "line": 56,
          "column": 8
        }
      },
      "56": {
        "start": {
          "line": 57,
          "column": 0
        },
        "end": {
          "line": 57,
          "column": 8
        }
      },
      "57": {
        "start": {
          "line": 58,
          "column": 0
        },
        "end": {
          "line": 58,
          "column": 11
        }
      },
      "58": {
        "start": {
          "line": 59,
          "column": 0
        },
        "end": {
          "line": 59,
          "column": 10
        }
      },
      "59": {
        "start": {
          "line": 60,
          "column": 0
        },
        "end": {
          "line": 60,
          "column": 11
        }
      },
      "60": {
        "start": {
          "line": 61,
          "column": 0
        },
        "end": {
          "line": 61,
          "column": 7
        }
      },
      "61": {
        "start": {
          "line": 62,
          "column": 0
        },
        "end": {
          "line": 62,
          "column": 9
        }
      },
      "62": {
        "start": {
          "line": 63,
          "column": 0
        },
        "end": {
          "line": 63,
          "column": 9
        }
      },
      "63": {
        "start": {
          "line": 64,
          "column": 0
        },
        "end": {
          "line": 64,
          "column": 8
        }
      },
      "64": {
        "start": {
          "line": 65,
          "column": 0
        },
        "end": {
          "line": 65,
          "column": 9
        }
      },
      "65": {
        "start": {
          "line": 66,
          "column": 0
        },
        "end": {
          "line": 66,
          "column": 9
        }
      },
      "66": {
        "start": {
          "line": 67,
          "column": 0
        },
        "end": {
          "line": 67,
          "column": 13
        }
      },
      "67": {
        "start": {
          "line": 68,
          "column": 0
        },
        "end": {
          "line": 68,
          "column": 9
        }
      },
      "68": {
        "start": {
          "line": 69,
          "column": 0
        },
        "end": {
          "line": 69,
          "column": 10
        }
      },
      "69": {
        "start": {
          "line": 70,
          "column": 0
        },
        "end": {
          "line": 70,
          "column": 8
        }
      },
      "70": {
        "start": {
          "line": 71,
          "column": 0
        },
        "end": {
          "line": 71,
          "column": 13
        }
      },
      "71": {
        "start": {
          "line": 72,
          "column": 0
        },
        "end": {
          "line": 72,
          "column": 11
        }
      },
      "72": {
        "start": {
          "line": 73,
          "column": 0
        },
        "end": {
          "line": 73,
          "column": 7
        }
      },
      "73": {
        "start": {
          "line": 74,
          "column": 0
        },
        "end": {
          "line": 74,
          "column": 13
        }
      },
      "74": {
        "start": {
          "line": 75,
          "column": 0
        },
        "end": {
          "line": 75,
          "column": 11
        }
      },
      "75": {
        "start": {
          "line": 76,
          "column": 0
        },
        "end": {
          "line": 76,
          "column": 11
        }
      },
      "76": {
        "start": {
          "line": 77,
          "column": 0
        },
        "end": {
          "line": 77,
          "column": 6
        }
      },
      "77": {
        "start": {
          "line": 78,
          "column": 0
        },
        "end": {
          "line": 78,
          "column": 10
        }
      },
      "78": {
        "start": {
          "line": 79,
          "column": 0
        },
        "end": {
          "line": 79,
          "column": 12
        }
      },
      "79": {
        "start": {
          "line": 80,
          "column": 0
        },
        "end": {
          "line": 80,
          "column": 8
        }
      },
      "80": {
        "start": {
          "line": 81,
          "column": 0
        },
        "end": {
          "line": 81,
          "column": 13
        }
      },
      "81": {
        "start": {
          "line": 82,
          "column": 0
        },
        "end": {
          "line": 82,
          "column": 6
        }
      },
      "82": {
        "start": {
          "line": 83,
          "column": 0
        },
        "end": {
          "line": 83,
          "column": 7
        }
      },
      "83": {
        "start": {
          "line": 84,
          "column": 0
        },
        "end": {
          "line": 84,
          "column": 7
        }
      },
      "84": {
        "start": {
          "line": 85,
          "column": 0
        },
        "end": {
          "line": 85,
          "column": 9
        }
      },
      "85": {
        "start": {
          "line": 86,
          "column": 0
        },
        "end": {
          "line": 86,
          "column": 6
        }
      },
      "86": {
        "start": {
          "line": 87,
          "column": 0
        },
        "end": {
          "line": 87,
          "column": 9
        }
      },
      "87": {
        "start": {
          "line": 88,
          "column": 0
        },
        "end": {
          "line": 88,
          "column": 11
        }
      },
      "88": {
        "start": {
          "line": 89,
          "column": 0
        },
        "end": {
          "line": 89,
          "column": 12
        }
      },
      "89": {
        "start": {
          "line": 90,
          "column": 0
        },
        "end": {
          "line": 90,
          "column": 11
        }
      },
      "90": {
        "start": {
          "line": 91,
          "column": 0
        },
        "end": {
          "line": 91,
          "column": 10
        }
      },
      "91": {
        "start": {
          "line": 92,
          "column": 0
        },
        "end": {
          "line": 92,
          "column": 11
        }
      },
      "92": {
        "start": {
          "line": 93,
          "column": 0
        },
        "end": {
          "line": 93,
          "column": 9
        }
      },
      "93": {
        "start": {
          "line": 94,
          "column": 0
        },
        "end": {
          "line": 94,
          "column": 11
        }
      },
      "94": {
        "start": {
          "line": 95,
          "column": 0
        },
        "end": {
          "line": 95,
          "column": 10
        }
      },
      "95": {
        "start": {
          "line": 96,
          "column": 0
        },
        "end": {
          "line": 96,
          "column": 8
        }
      },
      "96": {
        "start": {
          "line": 97,
          "column": 0
        },
        "end": {
          "line": 97,
          "column": 12
        }
      },
      "97": {
        "start": {
          "line": 98,
          "column": 0
        },
        "end": {
          "line": 98,
          "column": 8
        }
      },
      "98": {
        "start": {
          "line": 99,
          "column": 0
        },
        "end": {
          "line": 99,
          "column": 10
        }
      },
      "99": {
        "start": {
          "line": 100,
          "column": 0
        },
        "end": {
          "line": 100,
          "column": 10
        }
      },
      "100": {
        "start": {
          "line": 101,
          "column": 0
        },
        "end": {
          "line": 101,
          "column": 7
        }
      },
      "101": {
        "start": {
          "line": 102,
          "column": 0
        },
        "end": {
          "line": 102,
          "column": 13
        }
      },
      "102": {
        "start": {
          "line": 103,
          "column": 0
        },
        "end": {
          "line": 103,
          "column": 10
        }
      },
      "103": {
        "start": {
          "line": 104,
          "column": 0
        },
        "end": {
          "line": 104,
          "column": 7
        }
      },
      "104": {
        "start": {
          "line": 105,
          "column": 0
        },
        "end": {
          "line": 105,
          "column": 10
        }
      },
      "105": {
        "start": {
          "line": 106,
          "column": 0
        },
        "end": {
          "line": 106,
          "column": 9
        }
      },
      "106": {
        "start": {
          "line": 107,
          "column": 0
        },
        "end": {
          "line": 107,
          "column": 10
        }
      },
      "107": {
        "start": {
          "line": 108,
          "column": 0
        },
        "end": {
          "line": 108,
          "column": 7
        }
      },
      "108": {
        "start": {
          "line": 109,
          "column": 0
        },
        "end": {
          "line": 109,
          "column": 10
        }
      },
      "109": {
        "start": {
          "line": 110,
          "column": 0
        },
        "end": {
          "line": 110,
          "column": 6
        }
      },
      "110": {
        "start": {
          "line": 111,
          "column": 0
        },
        "end": {
          "line": 111,
          "column": 7
        }
      },
      "111": {
        "start": {
          "line": 112,
          "column": 0
        },
        "end": {
          "line": 112,
          "column": 8
        }
      },
[...]
        "type": "branch",
        "line": 7,
        "loc": {
          "start": {
            "line": 7,
            "column": 34
          },
          "end": {
            "line": 18,
            "column": 1
          }
        },
        "locations": [
          {
            "start": {
              "line": 7,
              "column": 34
            },
            "end": {
              "line": 18,
              "column": 1
            }
          }
        ]
      },
      "1": {
        "type": "branch",
        "line": 21,
        "loc": {
          "start": {
            "line": 21,
            "column": 31
          },
          "end": {
            "line": 24,
            "column": 1
          }
        },
        "locations": [
          {
            "start": {
              "line": 21,
              "column": 31
            },
            "end": {
              "line": 24,
              "column": 1
            }
          }
        ]
      },
      "2": {
        "type": "branch",
        "line": 23,
        "loc": {
          "start": {
            "line": 23,
            "column": 22
          },
          "end": {
            "line": 23,
            "column": 106
          }
        },
        "locations": [
          {
            "start": {
              "line": 23,
              "column": 22
            },
            "end": {
              "line": 23,
              "column": 106
            }
          }
        ]
      },
      "3": {
        "type": "branch",
        "line": 23,
        "loc": {
          "start": {
            "line": 23,
            "column": 101
          },
          "end": {
            "line": 23,
            "column": 115
          }
        },
        "locations": [
          {
            "start": {
              "line": 23,
              "column": 101
            },
            "end": {
              "line": 23,
              "column": 115
            }
          }
        ]
      },
      "4": {
        "type": "branch",
        "line": 26,
        "loc": {
          "start": {
            "line": 26,
            "column": 7
          },
          "end": {
            "line": 28,
            "column": 1
          }
        },
        "locations": [
          {
            "start": {
              "line": 26,
              "column": 7
            },
            "end": {
              "line": 28,
              "column": 1
            }
          }
        ]
      },
      "5": {
        "type": "branch",
        "line": 30,
        "loc": {
          "start": {
            "line": 30,
            "column": 7
          },
          "end": {
            "line": 32,
            "column": 1
          }
        },
        "locations": [
          {
            "start": {
              "line": 30,
              "column": 7
            },
            "end": {
              "line": 32,
              "column": 1
            }
          }
        ]
      }
    },
    "b": {
      "0": [
        30
      ],
      "1": [
        268
      ],
      "2": [
        238
      ],
      "3": [
        30
      ],
      "4": [
        14
      ],
      "5": [
        14
      ]
    },
    "fnMap": {
      "0": {
        "name": "generateUniqueName",
        "decl": {
          "start": {
            "line": 7,
            "column": 34
          },
          "end": {
            "line": 18,
            "column": 1
          }
        },
        "loc": {
          "start": {
            "line": 7,
            "column": 34
          },
          "end": {
            "line": 18,
            "column": 1
          }
        },
        "line": 7
      },
      "1": {
        "name": "generateAlphabeticName",
        "decl": {
          "start": {
            "line": 21,
            "column": 31
          },
          "end": {
            "line": 24,
            "column": 1
          }
        },
        "loc": {
          "start": {
            "line": 21,
            "column": 31
          },
          "end": {
            "line": 24,
            "column": 1
          }
        },
        "line": 21
      },
      "2": {
        "name": "generateComponentName",
        "decl": {
          "start": {
            "line": 26,
            "column": 7
          },
          "end": {
            "line": 28,
            "column": 1
          }
        },
        "loc": {
          "start": {
            "line": 26,
            "column": 7
          },
          "end": {
            "line": 28,
            "column": 1
          }
        },
        "line": 26
      },
      "3": {
        "name": "generateClassName",
        "decl": {
          "start": {
            "line": 30,
            "column": 7
          },
          "end": {
            "line": 32,
            "column": 1
          }
        },
        "loc": {
          "start": {
            "line": 30,
            "column": 7
          },
          "end": {
            "line": 32,
            "column": 1
          }
        },
        "line": 30
      }
    },
    "f": {
      "0": 30,
      "1": 268,
      "2": 14,
      "3": 14
    }
  },
  "E:\\projects\\vue3-styled-components\\package\\utils\\index.ts": {
    "path": "E:\\projects\\vue3-styled-components\\package\\utils\\index.ts",
    "all": false,
    "statementMap": {
      "0": {
        "start": {
          "line": 1,
          "column": 0
        },
        "end": {
          "line": 1,
          "column": 30
        }
      },
      "1": {
        "start": {
          "line": 2,
          "column": 0
        },
        "end": {
          "line": 2,
          "column": 35
        }
      },
      "2": {
        "start": {
          "line": 3,
          "column": 0
        },
        "end": {
          "line": 3,
          "column": 34
        }
      },
      "3": {
        "start": {
          "line": 4,
          "column": 0
        },
        "end": {
          "line": 4,
          "column": 20
        }
      }
    },
    "s": {
      "0": 1,
      "1": 1,
      "2": 1,
      "3": 1
    },
    "branchMap": {},
    "b": {},
    "fnMap": {},
    "f": {}
  },
  "E:\\projects\\vue3-styled-components\\package\\utils\\insertExpressions.ts": {
    "path": "E:\\projects\\vue3-styled-components\\package\\utils\\insertExpressions.ts",
    "all": false,
    "statementMap": {
      "0": {
        "start": {
          "line": 1,
          "column": 0
        },
        "end": {
          "line": 1,
          "column": 76
        }
      },
      "1": {
        "start": {
          "line": 2,
          "column": 0
        },
        "end": {
          "line": 2,
          "column": 0
        }
      },
      "2": {
        "start": {
          "line": 3,
          "column": 0
        },
        "end": {
          "line": 3,
          "column": 57
        }
      },
      "3": {
        "start": {
          "line": 4,
          "column": 0
        },
        "end": {
          "line": 4,
          "column": 0
        }
      },
      "4": {
        "start": {
          "line": 5,
          "column": 0
        },
        "end": {
          "line": 5,
          "column": 113
        }
      },
      "5": {
        "start": {
          "line": 6,
          "column": 0
        },
        "end": {
          "line": 6,
          "column": 28
        }
      },
      "6": {
        "start": {
          "line": 7,
          "column": 0
        },
        "end": {
          "line": 7,
          "column": 85
        }
      },
      "7": {
        "start": {
          "line": 8,
          "column": 0
        },
        "end": {
          "line": 8,
          "column": 57
        }
      },
      "8": {
        "start": {
          "line": 9,
          "column": 0
        },
        "end": {
          "line": 9,
          "column": 6
        }
      },
      "9": {
        "start": {
          "line": 10,
          "column": 0
        },
        "end": {
          "line": 10,
          "column": 16
        }
      },
      "10": {
        "start": {
          "line": 11,
          "column": 0
        },
        "end": {
          "line": 11,
          "column": 3
        }
      },
      "11": {
        "start": {
          "line": 12,
          "column": 0
        },
        "end": {
          "line": 12,
          "column": 1
        }
      }
    },
    "s": {
      "0": 1,
      "1": 1,
      "2": 1,
      "3": 1,
      "4": 1,
      "5": 16,
      "6": 16,
      "7": 8,
      "8": 8,
      "9": 16,
      "10": 16,
      "11": 16
    },
    "branchMap": {
      "0": {
        "type": "branch",
        "line": 5,
        "loc": {
          "start": {
            "line": 5,
            "column": 7
          },
          "end": {
            "line": 12,
            "column": 1
          }
        },
        "locations": [
          {
            "start": {
              "line": 5,
              "column": 7
            },
            "end": {
              "line": 12,
              "column": 1
            }
          }
        ]
      },
      "1": {
        "type": "branch",
        "line": 7,
        "loc": {
          "start": {
            "line": 7,
            "column": 4
          },
          "end": {
            "line": 9,
            "column": 6
          }
        },
        "locations": [
          {
            "start": {
              "line": 7,
              "column": 4
            },
            "end": {
              "line": 9,
              "column": 6
            }
          }
        ]
      }
    },
    "b": {
      "0": [
        16
      ],
      "1": [
        8
      ]
    },
    "fnMap": {
      "0": {
        "name": "insertExpressions",
        "decl": {
          "start": {
            "line": 5,
            "column": 7
          },
          "end": {
            "line": 12,
            "column": 1
          }
        },
        "loc": {
          "start": {
            "line": 5,
            "column": 7
          },
          "end": {
            "line": 12,
            "column": 1
          }
        },
        "line": 5
      }
    },
    "f": {
      "0": 16
    }
  },
  "E:\\projects\\vue3-styled-components\\package\\utils\\is.ts": {
    "path": "E:\\projects\\vue3-styled-components\\package\\utils\\is.ts",
    "all": false,
    "statementMap": {
      "0": {
        "start": {
          "line": 1,
          "column": 0
        },
        "end": {
          "line": 1,
          "column": 76
        }
      },
      "1": {
        "start": {
          "line": 2,
          "column": 0
        },
        "end": {
          "line": 2,
          "column": 0
        }
      },
      "2": {
        "start": {
          "line": 3,
          "column": 0
        },
        "end": {
          "line": 3,
          "column": 36
        }
      },
      "3": {
        "start": {
          "line": 4,
          "column": 0
        },
        "end": {
          "line": 4,
          "column": 87
        }
      },
      "4": {
        "start": {
          "line": 5,
          "column": 0
        },
        "end": {
          "line": 5,
          "column": 1
        }
      },
      "5": {
        "start": {
          "line": 6,
          "column": 0
        },
        "end": {
          "line": 6,
          "column": 0
        }
      },
      "6": {
        "start": {
          "line": 7,
          "column": 0
        },
        "end": {
          "line": 7,
          "column": 48
        }
      },
      "7": {
        "start": {
          "line": 8,
          "column": 0
        },
        "end": {
          "line": 8,
          "column": 57
        }
      },
      "8": {
        "start": {
          "line": 9,
          "column": 0
        },
        "end": {
          "line": 9,
          "column": 1
        }
      },
      "9": {
        "start": {
          "line": 10,
          "column": 0
        },
        "end": {
          "line": 10,
          "column": 0
        }
      },
      "10": {
        "start": {
          "line": 11,
          "column": 0
        },
        "end": {
          "line": 11,
          "column": 45
        }
      },
      "11": {
        "start": {
          "line": 12,
          "column": 0
        },
        "end": {
          "line": 12,
          "column": 95
        }
      },
      "12": {
        "start": {
          "line": 13,
          "column": 0
        },
        "end": {
          "line": 13,
          "column": 1
        }
      }
    },
    "s": {
      "0": 1,
      "1": 1,
      "2": 1,
      "3": 800,
      "4": 800,
      "5": 1,
      "6": 1,
      "7": 20,
      "8": 20,
      "9": 1,
      "10": 1,
      "11": 34,
      "12": 34
    },
    "branchMap": {
      "0": {
        "type": "branch",
        "line": 3,
        "loc": {
          "start": {
            "line": 3,
            "column": 7
          },
          "end": {
            "line": 5,
            "column": 1
          }
        },
        "locations": [
          {
            "start": {
              "line": 3,
              "column": 7
            },
            "end": {
              "line": 5,
              "column": 1
            }
          }
        ]
      },
      "1": {
        "type": "branch",
        "line": 4,
        "loc": {
          "start": {
            "line": 4,
            "column": 27
          },
          "end": {
            "line": 4,
            "column": 87
          }
        },
        "locations": [
          {
            "start": {
              "line": 4,
              "column": 27
            },
            "end": {
              "line": 4,
              "column": 87
            }
          }
        ]
      },
      "2": {
        "type": "branch",
        "line": 7,
        "loc": {
          "start": {
            "line": 7,
            "column": 7
          },
          "end": {
            "line": 9,
            "column": 1
          }
        },
        "locations": [
          {
            "start": {
              "line": 7,
              "column": 7
            },
            "end": {
              "line": 9,
              "column": 1
            }
          }
        ]
      },
      "3": {
        "type": "branch",
        "line": 8,
        "loc": {
          "start": {
            "line": 8,
            "column": 27
          },
          "end": {
            "line": 8,
            "column": 57
          }
        },
        "locations": [
          {
            "start": {
              "line": 8,
              "column": 27
            },
            "end": {
              "line": 8,
              "column": 57
            }
          }
        ]
      },
      "4": {
        "type": "branch",
        "line": 11,
        "loc": {
          "start": {
            "line": 11,
            "column": 7
          },
          "end": {
            "line": 13,
            "column": 1
          }
        },
        "locations": [
          {
            "start": {
              "line": 11,
              "column": 7
            },
            "end": {
              "line": 13,
              "column": 1
            }
          }
        ]
      }
    },
    "b": {
      "0": [
        800
      ],
      "1": [
        796
      ],
      "2": [
        20
      ],
      "3": [
        8
      ],
      "4": [
        34
      ]
    },
    "fnMap": {
      "0": {
        "name": "isTag",
        "decl": {
          "start": {
            "line": 3,
            "column": 7
          },
          "end": {
            "line": 5,
            "column": 1
          }
        },
        "loc": {
          "start": {
            "line": 3,
            "column": 7
          },
          "end": {
            "line": 5,
            "column": 1
          }
        },
        "line": 3
      },
      "1": {
        "name": "isStyledComponent",
        "decl": {
          "start": {
            "line": 7,
            "column": 7
          },
          "end": {
            "line": 9,
            "column": 1
          }
        },
        "loc": {
          "start": {
            "line": 7,
            "column": 7
          },
          "end": {
            "line": 9,
            "column": 1
          }
        },
        "line": 7
      },
      "2": {
        "name": "isVueComponent",
        "decl": {
          "start": {
            "line": 11,
            "column": 7
          },
          "end": {
            "line": 13,
            "column": 1
          }
        },
        "loc": {
          "start": {
            "line": 11,
            "column": 7
          },
          "end": {
            "line": 13,
            "column": 1
          }
        },
        "line": 11
      }
    },
    "f": {
      "0": 800,
      "1": 20,
      "2": 34
    }
  },
  "E:\\projects\\vue3-styled-components\\package\\utils\\validate.ts": {
    "path": "E:\\projects\\vue3-styled-components\\package\\utils\\validate.ts",
    "all": false,
    "statementMap": {
      "0": {
        "start": {
          "line": 1,
          "column": 0
        },
        "end": {
          "line": 1,
          "column": 66
        }
      },
      "1": {
        "start": {
          "line": 2,
          "column": 0
        },
        "end": {
          "line": 2,
          "column": 0
        }
      },
      "2": {
        "start": {
          "line": 3,
          "column": 0
        },
        "end": {
          "line": 3,
          "column": 49
        }
      },
      "3": {
        "start": {
          "line": 4,
          "column": 0
        },
        "end": {
          "line": 4,
          "column": 77
        }
      },
      "4": {
        "start": {
          "line": 5,
          "column": 0
        },
        "end": {
          "line": 5,
          "column": 1
        }
      }
    },
    "s": {
      "0": 1,
      "1": 1,
      "2": 1,
      "3": 800,
      "4": 800
    },
    "branchMap": {
      "0": {
        "type": "branch",
        "line": 3,
        "loc": {
          "start": {
            "line": 3,
            "column": 7
          },
          "end": {
            "line": 5,
            "column": 1
          }
        },
        "locations": [
          {
            "start": {
              "line": 3,
              "column": 7
            },
            "end": {
              "line": 5,
              "column": 1
            }
          }
        ]
      },
      "1": {
        "type": "branch",
        "line": 4,
        "loc": {
          "start": {
            "line": 4,
            "column": 21
          },
          "end": {
            "line": 4,
            "column": 55
          }
        },
        "locations": [
          {
            "start": {
              "line": 4,
              "column": 21
            },
            "end": {
              "line": 4,
              "column": 55
            }
          }
        ]
      },
      "2": {
        "type": "branch",
        "line": 4,
        "loc": {
          "start": {
            "line": 4,
            "column": 50
          },
          "end": {
            "line": 4,
            "column": 77
          }
        },
        "locations": [
          {
            "start": {
              "line": 4,
              "column": 50
            },
            "end": {
              "line": 4,
              "column": 77
            }
          }
        ]
      }
    },
    "b": {
      "0": [
        800
      ],
      "1": [
        6
      ],
      "2": [
        4
      ]
    },
    "fnMap": {
      "0": {
        "name": "isValidElementType",
        "decl": {
          "start": {
            "line": 3,
            "column": 7
          },
          "end": {
            "line": 5,
            "column": 1
          }
        },
        "loc": {
          "start": {
            "line": 3,
            "column": 7
          },
          "end": {
            "line": 5,
            "column": 1
          }
        },
        "line": 3
      }
    },
    "f": {
      "0": 800
    }
  }
}
